2019-10-22 09:45:54,239 [Worker-4: Loading available Gradle versions] INFO  o.e.b.c.i.u.g.PublishedGradleVersions - Gradle version information cache is up-to-date. Trying to read.
2019-10-22 09:49:54,187 [Worker-7: Importing Maven projects] INFO  o.e.m.c.i.l.LifecycleMappingFactory - Using org.maven.ide.eclipse.wtp.WarLifecycleMapping lifecycle mapping for MavenProject: hcl:bank-userservice:0.0.1-SNAPSHOT @ C:\Users\Coalesce\Downloads\mortgage-master\mortgage-userservice\pom.xml.
2019-10-22 09:49:56,446 [Worker-7: Importing Maven projects] INFO  o.e.m.c.i.e.AbstractTransferListenerAdapter - Downloading https://repo.maven.apache.org/maven2/org/apache/tomcat/embed/tomcat-embed-jasper/9.0.27/tomcat-embed-jasper-9.0.27.pom
2019-10-22 09:49:56,631 [Worker-7: Importing Maven projects] INFO  o.e.m.c.i.e.AbstractTransferListenerAdapter - Downloaded https://repo.maven.apache.org/maven2/org/apache/tomcat/embed/tomcat-embed-jasper/9.0.27/tomcat-embed-jasper-9.0.27.pom
2019-10-22 09:49:56,954 [Worker-7: Importing Maven projects] INFO  o.e.m.c.i.e.AbstractTransferListenerAdapter - Downloading https://repo.maven.apache.org/maven2/org/apache/tomcat/embed/tomcat-embed-jasper/9.0.27/tomcat-embed-jasper-9.0.27.jar
2019-10-22 09:50:00,061 [Worker-7: Importing Maven projects] INFO  o.e.m.c.i.e.AbstractTransferListenerAdapter - Downloaded https://repo.maven.apache.org/maven2/org/apache/tomcat/embed/tomcat-embed-jasper/9.0.27/tomcat-embed-jasper-9.0.27.jar
2019-10-22 09:50:07,414 [Worker-11: Download sources and javadoc] INFO  o.e.m.c.i.e.AbstractTransferListenerAdapter - Downloading https://repo.maven.apache.org/maven2/org/apache/tomcat/embed/tomcat-embed-jasper/9.0.27/tomcat-embed-jasper-9.0.27-sources.jar
2019-10-22 09:50:07,553 [Worker-7: Importing Maven projects] INFO  o.e.m.j.i.AbstractJavaProjectConfigurator - Adding source folder /bank-userservice/src/main/java
2019-10-22 09:50:07,554 [Worker-7: Importing Maven projects] INFO  o.e.m.j.i.AbstractJavaProjectConfigurator - Adding resource folder /bank-userservice/src/main/resources
2019-10-22 09:50:07,576 [Worker-7: Importing Maven projects] INFO  o.e.m.j.i.AbstractJavaProjectConfigurator - Adding resource folder /bank-userservice/src/main/resources
2019-10-22 09:50:07,590 [Worker-7: Importing Maven projects] INFO  o.e.m.j.i.AbstractJavaProjectConfigurator - Adding source folder /bank-userservice/src/test/java
2019-10-22 09:50:08,463 [Worker-11: Download sources and javadoc] INFO  o.e.m.c.i.e.AbstractTransferListenerAdapter - Downloaded https://repo.maven.apache.org/maven2/org/apache/tomcat/embed/tomcat-embed-jasper/9.0.27/tomcat-embed-jasper-9.0.27-sources.jar
2019-10-22 09:50:08,641 [Worker-11: Download sources and javadoc] INFO  o.e.m.j.internal.DownloadSourcesJob - Downloaded sources for org.apache.tomcat.embed:tomcat-embed-jasper:9.0.27
2019-10-22 09:50:15,717 [Worker-7: Importing Maven projects] INFO  o.e.m.c.i.p.ProjectConfigurationManager - Imported and configured 1 project(s) in 29 sec
2019-10-22 09:50:17,180 [Worker-11: Importing Maven projects] INFO  o.e.m.c.i.l.LifecycleMappingFactory - Using org.maven.ide.eclipse.wtp.WarLifecycleMapping lifecycle mapping for MavenProject: hcl:bank-accountservice:0.0.1-SNAPSHOT @ C:\Users\Coalesce\Downloads\mortgage-master\mortgage-loanservice\pom.xml.
2019-10-22 09:50:19,516 [Worker-11: Importing Maven projects] INFO  o.e.m.j.i.AbstractJavaProjectConfigurator - Adding source folder /bank-accountservice/src/main/java
2019-10-22 09:50:19,535 [Worker-11: Importing Maven projects] INFO  o.e.m.j.i.AbstractJavaProjectConfigurator - Adding resource folder /bank-accountservice/src/main/resources
2019-10-22 09:50:19,549 [Worker-11: Importing Maven projects] INFO  o.e.m.j.i.AbstractJavaProjectConfigurator - Adding resource folder /bank-accountservice/src/main/resources
2019-10-22 09:50:19,564 [Worker-11: Importing Maven projects] INFO  o.e.m.j.i.AbstractJavaProjectConfigurator - Adding source folder /bank-accountservice/src/test/java
2019-10-22 09:50:23,816 [Worker-11: Importing Maven projects] INFO  o.e.m.c.i.p.ProjectConfigurationManager - Imported and configured 1 project(s) in 7 sec
2019-10-22 09:50:30,127 [Worker-11: Building workspace] INFO  o.e.m.c.i.embedder.EclipseLogger - Using 'UTF-8' encoding to copy filtered resources.
2019-10-22 09:50:30,154 [Worker-11: Building workspace] INFO  o.e.m.c.i.embedder.EclipseLogger - Copying 1 resource
2019-10-22 09:50:30,226 [Worker-11: Building workspace] INFO  o.e.m.c.i.embedder.EclipseLogger - Copying 0 resource
2019-10-22 09:50:30,230 [Worker-11: Building workspace] INFO  o.e.m.c.i.embedder.EclipseLogger - Using 'UTF-8' encoding to copy filtered resources.
2019-10-22 09:50:30,240 [Worker-11: Building workspace] INFO  o.e.m.c.i.embedder.EclipseLogger - skip non existing resourceDirectory C:\Users\Coalesce\Downloads\mortgage-master\mortgage-loanservice\src\test\resources
2019-10-22 09:50:44,395 [Worker-14: Importing Maven projects] INFO  o.e.m.c.i.l.LifecycleMappingFactory - Using org.maven.ide.eclipse.wtp.WarLifecycleMapping lifecycle mapping for MavenProject: hcl:bank-webclient:0.0.1-SNAPSHOT @ C:\Users\Coalesce\Downloads\mortgage-master\mortgage-client\pom.xml.
2019-10-22 09:50:45,758 [Worker-14: Importing Maven projects] INFO  o.e.m.j.i.AbstractJavaProjectConfigurator - Adding source folder /bank-webclient/src/main/java
2019-10-22 09:50:45,759 [Worker-14: Importing Maven projects] INFO  o.e.m.j.i.AbstractJavaProjectConfigurator - Adding resource folder /bank-webclient/src/main/resources
2019-10-22 09:50:45,783 [Worker-14: Importing Maven projects] INFO  o.e.m.j.i.AbstractJavaProjectConfigurator - Adding resource folder /bank-webclient/src/main/resources
2019-10-22 09:50:45,801 [Worker-14: Importing Maven projects] INFO  o.e.m.j.i.AbstractJavaProjectConfigurator - Adding source folder /bank-webclient/src/test/java
2019-10-22 09:50:48,627 [Worker-14: Importing Maven projects] INFO  o.e.m.c.i.p.ProjectConfigurationManager - Imported and configured 1 project(s) in 4 sec
2019-10-22 09:50:58,085 [Worker-5: Building workspace] INFO  o.e.m.c.i.embedder.EclipseLogger - Using 'UTF-8' encoding to copy filtered resources.
2019-10-22 09:50:58,094 [Worker-5: Building workspace] INFO  o.e.m.c.i.embedder.EclipseLogger - Copying 1 resource
2019-10-22 09:50:58,111 [Worker-5: Building workspace] INFO  o.e.m.c.i.embedder.EclipseLogger - Copying 0 resource
2019-10-22 09:50:58,123 [Worker-5: Building workspace] INFO  o.e.m.c.i.embedder.EclipseLogger - Using 'UTF-8' encoding to copy filtered resources.
2019-10-22 09:50:58,123 [Worker-5: Building workspace] INFO  o.e.m.c.i.embedder.EclipseLogger - skip non existing resourceDirectory C:\Users\Coalesce\Downloads\mortgage-master\mortgage-userservice\src\test\resources
2019-10-22 09:51:02,062 [Worker-5: Building workspace] INFO  o.e.m.c.i.embedder.EclipseLogger - Using 'UTF-8' encoding to copy filtered resources.
2019-10-22 09:51:02,063 [Worker-5: Building workspace] INFO  o.e.m.c.i.embedder.EclipseLogger - Copying 1 resource
2019-10-22 09:51:02,066 [Worker-5: Building workspace] INFO  o.e.m.c.i.embedder.EclipseLogger - Copying 0 resource
2019-10-22 09:51:02,069 [Worker-5: Building workspace] INFO  o.e.m.c.i.embedder.EclipseLogger - Using 'UTF-8' encoding to copy filtered resources.
2019-10-22 09:51:02,090 [Worker-5: Building workspace] INFO  o.e.m.c.i.embedder.EclipseLogger - skip non existing resourceDirectory C:\Users\Coalesce\Downloads\mortgage-master\mortgage-client\src\test\resources
2019-10-22 09:51:20,811 [Worker-14: Importing Maven projects] INFO  o.e.m.c.i.l.LifecycleMappingFactory - Using org.maven.ide.eclipse.wtp.WarLifecycleMapping lifecycle mapping for MavenProject: com.priya:DiscoverMicroservice:0.0.1-SNAPSHOT @ C:\Users\Coalesce\Documents\day2\DiscoverMicroservice\pom.xml.
2019-10-22 09:51:23,042 [Worker-14: Importing Maven projects] INFO  o.e.m.j.i.AbstractJavaProjectConfigurator - Adding source folder /DiscoverMicroservice/src/main/java
2019-10-22 09:51:23,049 [Worker-14: Importing Maven projects] INFO  o.e.m.j.i.AbstractJavaProjectConfigurator - Adding resource folder /DiscoverMicroservice/src/main/resources
2019-10-22 09:51:23,056 [Worker-14: Importing Maven projects] INFO  o.e.m.j.i.AbstractJavaProjectConfigurator - Adding resource folder /DiscoverMicroservice/src/main/resources
2019-10-22 09:51:23,056 [Worker-14: Importing Maven projects] INFO  o.e.m.j.i.AbstractJavaProjectConfigurator - Adding source folder /DiscoverMicroservice/src/test/java
2019-10-22 09:51:23,421 [Worker-14: Importing Maven projects] INFO  o.e.m.c.i.p.ProjectConfigurationManager - Imported and configured 1 project(s) in 3 sec
2019-10-22 09:51:25,344 [Worker-5: Building workspace] INFO  o.e.m.c.i.embedder.EclipseLogger - Using 'UTF-8' encoding to copy filtered resources.
2019-10-22 09:51:25,354 [Worker-5: Building workspace] INFO  o.e.m.c.i.embedder.EclipseLogger - Copying 1 resource
2019-10-22 09:51:25,446 [Worker-5: Building workspace] INFO  o.e.m.c.i.embedder.EclipseLogger - Copying 0 resource
2019-10-22 09:51:25,463 [Worker-5: Building workspace] INFO  o.e.m.c.i.embedder.EclipseLogger - Using 'UTF-8' encoding to copy filtered resources.
2019-10-22 09:51:25,463 [Worker-5: Building workspace] INFO  o.e.m.c.i.embedder.EclipseLogger - skip non existing resourceDirectory C:\Users\Coalesce\Documents\day2\DiscoverMicroservice\src\test\resources
2019-10-22 09:51:43,712 [Worker-10: Updating Maven Project] INFO  o.e.m.c.i.p.ProjectConfigurationManager - Update started
2019-10-22 09:51:44,961 [Worker-10: Updating Maven Project] INFO  o.e.m.c.i.l.LifecycleMappingFactory - Using org.maven.ide.eclipse.wtp.WarLifecycleMapping lifecycle mapping for MavenProject: hcl:bank-userservice:0.0.1-SNAPSHOT @ C:\Users\Coalesce\Downloads\mortgage-master\mortgage-userservice\pom.xml.
2019-10-22 09:51:46,186 [Worker-10: Updating Maven Project] INFO  o.e.m.c.i.l.LifecycleMappingFactory - Using org.maven.ide.eclipse.wtp.WarLifecycleMapping lifecycle mapping for MavenProject: com.priya:DiscoverMicroservice:0.0.1-SNAPSHOT @ C:\Users\Coalesce\Documents\day2\DiscoverMicroservice\pom.xml.
2019-10-22 09:51:46,670 [Worker-10: Updating Maven Project] INFO  o.e.m.c.i.l.LifecycleMappingFactory - Using org.maven.ide.eclipse.wtp.WarLifecycleMapping lifecycle mapping for MavenProject: hcl:bank-webclient:0.0.1-SNAPSHOT @ C:\Users\Coalesce\Downloads\mortgage-master\mortgage-client\pom.xml.
2019-10-22 09:51:47,007 [Worker-10: Updating Maven Project] INFO  o.e.m.c.i.l.LifecycleMappingFactory - Using org.maven.ide.eclipse.wtp.WarLifecycleMapping lifecycle mapping for MavenProject: hcl:bank-accountservice:0.0.1-SNAPSHOT @ C:\Users\Coalesce\Downloads\mortgage-master\mortgage-loanservice\pom.xml.
2019-10-22 09:51:50,284 [Worker-10: Updating Maven Project] INFO  o.e.m.j.i.AbstractJavaProjectConfigurator - Adding source folder /bank-accountservice/src/main/java
2019-10-22 09:51:50,300 [Worker-10: Updating Maven Project] INFO  o.e.m.j.i.AbstractJavaProjectConfigurator - Adding resource folder /bank-accountservice/src/main/resources
2019-10-22 09:51:50,311 [Worker-10: Updating Maven Project] INFO  o.e.m.j.i.AbstractJavaProjectConfigurator - Adding resource folder /bank-accountservice/src/main/resources
2019-10-22 09:51:50,322 [Worker-10: Updating Maven Project] INFO  o.e.m.j.i.AbstractJavaProjectConfigurator - Adding source folder /bank-accountservice/src/test/java
2019-10-22 09:51:51,117 [Worker-10: Updating Maven Project] INFO  o.e.m.j.i.AbstractJavaProjectConfigurator - Adding source folder /bank-userservice/src/main/java
2019-10-22 09:51:51,117 [Worker-10: Updating Maven Project] INFO  o.e.m.j.i.AbstractJavaProjectConfigurator - Adding resource folder /bank-userservice/src/main/resources
2019-10-22 09:51:51,118 [Worker-10: Updating Maven Project] INFO  o.e.m.j.i.AbstractJavaProjectConfigurator - Adding resource folder /bank-userservice/src/main/resources
2019-10-22 09:51:51,131 [Worker-10: Updating Maven Project] INFO  o.e.m.j.i.AbstractJavaProjectConfigurator - Adding source folder /bank-userservice/src/test/java
2019-10-22 09:51:52,071 [Worker-10: Updating Maven Project] INFO  o.e.m.j.i.AbstractJavaProjectConfigurator - Adding source folder /bank-webclient/src/main/java
2019-10-22 09:51:52,078 [Worker-10: Updating Maven Project] INFO  o.e.m.j.i.AbstractJavaProjectConfigurator - Adding resource folder /bank-webclient/src/main/resources
2019-10-22 09:51:52,084 [Worker-10: Updating Maven Project] INFO  o.e.m.j.i.AbstractJavaProjectConfigurator - Adding resource folder /bank-webclient/src/main/resources
2019-10-22 09:51:52,090 [Worker-10: Updating Maven Project] INFO  o.e.m.j.i.AbstractJavaProjectConfigurator - Adding source folder /bank-webclient/src/test/java
2019-10-22 09:51:52,403 [Worker-10: Updating Maven Project] INFO  o.e.m.j.i.AbstractJavaProjectConfigurator - Adding source folder /DiscoverMicroservice/src/main/java
2019-10-22 09:51:52,403 [Worker-10: Updating Maven Project] INFO  o.e.m.j.i.AbstractJavaProjectConfigurator - Adding resource folder /DiscoverMicroservice/src/main/resources
2019-10-22 09:51:52,404 [Worker-10: Updating Maven Project] INFO  o.e.m.j.i.AbstractJavaProjectConfigurator - Adding resource folder /DiscoverMicroservice/src/main/resources
2019-10-22 09:51:52,410 [Worker-10: Updating Maven Project] INFO  o.e.m.j.i.AbstractJavaProjectConfigurator - Adding source folder /DiscoverMicroservice/src/test/java
2019-10-22 09:51:52,982 [Worker-10: Updating Maven Project] INFO  o.e.m.w.i.f.ResourceFilteringBuildParticipant - Cleaning filtered folder for bank-accountservice
2019-10-22 09:51:53,028 [Worker-10: Updating Maven Project] INFO  o.e.m.w.i.f.ResourceFilteringBuildParticipant - Cleaning filtered folder for bank-userservice
2019-10-22 09:51:53,093 [Worker-10: Updating Maven Project] INFO  o.e.m.w.i.f.ResourceFilteringBuildParticipant - Cleaning filtered folder for bank-webclient
2019-10-22 09:51:53,151 [Worker-10: Updating Maven Project] INFO  o.e.m.w.i.f.ResourceFilteringBuildParticipant - Cleaning filtered folder for DiscoverMicroservice
2019-10-22 09:51:53,157 [Worker-10: Updating Maven Project] INFO  o.e.m.c.i.p.ProjectConfigurationManager - Update completed: 9 sec
2019-10-22 09:51:56,139 [Worker-13: Building workspace] INFO  o.e.m.c.i.embedder.EclipseLogger - Using 'UTF-8' encoding to copy filtered resources.
2019-10-22 09:51:56,140 [Worker-13: Building workspace] INFO  o.e.m.c.i.embedder.EclipseLogger - Copying 1 resource
2019-10-22 09:51:56,183 [Worker-13: Building workspace] INFO  o.e.m.c.i.embedder.EclipseLogger - Copying 0 resource
2019-10-22 09:51:56,197 [Worker-13: Building workspace] INFO  o.e.m.c.i.embedder.EclipseLogger - Using 'UTF-8' encoding to copy filtered resources.
2019-10-22 09:51:56,206 [Worker-13: Building workspace] INFO  o.e.m.c.i.embedder.EclipseLogger - skip non existing resourceDirectory C:\Users\Coalesce\Documents\day2\DiscoverMicroservice\src\test\resources
2019-10-22 09:51:56,207 [Worker-13: Building workspace] INFO  o.e.m.w.i.f.ResourceFilteringBuildParticipant - Changed resources require a complete clean of filtered resources of DiscoverMicroservice
2019-10-22 09:51:56,216 [Worker-13: Building workspace] INFO  o.e.m.w.i.f.ResourceFilteringBuildParticipant - Executing resource filtering for DiscoverMicroservice
2019-10-22 09:51:56,224 [Worker-13: Building workspace] INFO  o.e.m.c.i.embedder.EclipseLogger - Using 'UTF-8' encoding to copy filtered resources.
2019-10-22 09:51:58,458 [Worker-13: Building workspace] INFO  o.e.m.c.i.embedder.EclipseLogger - Using 'UTF-8' encoding to copy filtered resources.
2019-10-22 09:51:58,459 [Worker-13: Building workspace] INFO  o.e.m.c.i.embedder.EclipseLogger - Copying 1 resource
2019-10-22 09:51:58,479 [Worker-13: Building workspace] INFO  o.e.m.c.i.embedder.EclipseLogger - Copying 0 resource
2019-10-22 09:51:58,482 [Worker-13: Building workspace] INFO  o.e.m.c.i.embedder.EclipseLogger - Using 'UTF-8' encoding to copy filtered resources.
2019-10-22 09:51:58,494 [Worker-13: Building workspace] INFO  o.e.m.c.i.embedder.EclipseLogger - skip non existing resourceDirectory C:\Users\Coalesce\Downloads\mortgage-master\mortgage-loanservice\src\test\resources
2019-10-22 09:51:58,494 [Worker-13: Building workspace] INFO  o.e.m.w.i.f.ResourceFilteringBuildParticipant - Changed resources require a complete clean of filtered resources of bank-accountservice
2019-10-22 09:51:58,505 [Worker-13: Building workspace] INFO  o.e.m.w.i.f.ResourceFilteringBuildParticipant - Executing resource filtering for bank-accountservice
2019-10-22 09:51:58,509 [Worker-13: Building workspace] INFO  o.e.m.c.i.embedder.EclipseLogger - Using 'UTF-8' encoding to copy filtered resources.
2019-10-22 09:52:01,008 [Worker-13: Building workspace] INFO  o.e.m.c.i.embedder.EclipseLogger - Using 'UTF-8' encoding to copy filtered resources.
2019-10-22 09:52:01,009 [Worker-13: Building workspace] INFO  o.e.m.c.i.embedder.EclipseLogger - Copying 1 resource
2019-10-22 09:52:01,025 [Worker-13: Building workspace] INFO  o.e.m.c.i.embedder.EclipseLogger - Copying 0 resource
2019-10-22 09:52:01,031 [Worker-13: Building workspace] INFO  o.e.m.c.i.embedder.EclipseLogger - Using 'UTF-8' encoding to copy filtered resources.
2019-10-22 09:52:01,038 [Worker-13: Building workspace] INFO  o.e.m.c.i.embedder.EclipseLogger - skip non existing resourceDirectory C:\Users\Coalesce\Downloads\mortgage-master\mortgage-userservice\src\test\resources
2019-10-22 09:52:01,038 [Worker-13: Building workspace] INFO  o.e.m.w.i.f.ResourceFilteringBuildParticipant - Changed resources require a complete clean of filtered resources of bank-userservice
2019-10-22 09:52:01,046 [Worker-13: Building workspace] INFO  o.e.m.w.i.f.ResourceFilteringBuildParticipant - Executing resource filtering for bank-userservice
2019-10-22 09:52:01,050 [Worker-13: Building workspace] INFO  o.e.m.c.i.embedder.EclipseLogger - Using 'UTF-8' encoding to copy filtered resources.
2019-10-22 09:52:03,442 [Worker-13: Building workspace] INFO  o.e.m.c.i.embedder.EclipseLogger - Using 'UTF-8' encoding to copy filtered resources.
2019-10-22 09:52:03,443 [Worker-13: Building workspace] INFO  o.e.m.c.i.embedder.EclipseLogger - Copying 1 resource
2019-10-22 09:52:03,452 [Worker-13: Building workspace] INFO  o.e.m.c.i.embedder.EclipseLogger - Copying 0 resource
2019-10-22 09:52:03,455 [Worker-13: Building workspace] INFO  o.e.m.c.i.embedder.EclipseLogger - Using 'UTF-8' encoding to copy filtered resources.
2019-10-22 09:52:03,463 [Worker-13: Building workspace] INFO  o.e.m.c.i.embedder.EclipseLogger - skip non existing resourceDirectory C:\Users\Coalesce\Downloads\mortgage-master\mortgage-client\src\test\resources
2019-10-22 09:52:03,463 [Worker-13: Building workspace] INFO  o.e.m.w.i.f.ResourceFilteringBuildParticipant - Changed resources require a complete clean of filtered resources of bank-webclient
2019-10-22 09:52:03,471 [Worker-13: Building workspace] INFO  o.e.m.w.i.f.ResourceFilteringBuildParticipant - Executing resource filtering for bank-webclient
2019-10-22 09:52:03,478 [Worker-13: Building workspace] INFO  o.e.m.c.i.embedder.EclipseLogger - Using 'UTF-8' encoding to copy filtered resources.
2019-10-22 10:11:25,368 [Worker-33: Building workspace] INFO  o.e.m.c.i.l.LifecycleMappingFactory - Using org.maven.ide.eclipse.wtp.WarLifecycleMapping lifecycle mapping for MavenProject: hcl:bank-accountservice:0.0.1-SNAPSHOT @ C:\Users\Coalesce\Downloads\mortgage-master\mortgage-loanservice\pom.xml.
2019-10-22 10:11:26,257 [Worker-33: Building workspace] INFO  o.e.m.c.i.embedder.EclipseLogger - Using 'UTF-8' encoding to copy filtered resources.
2019-10-22 10:11:26,262 [Worker-33: Building workspace] INFO  o.e.m.c.i.embedder.EclipseLogger - Copying 1 resource
2019-10-22 10:11:26,268 [Worker-33: Building workspace] INFO  o.e.m.c.i.embedder.EclipseLogger - Copying 0 resource
2019-10-22 10:11:26,275 [Worker-33: Building workspace] INFO  o.e.m.c.i.embedder.EclipseLogger - Using 'UTF-8' encoding to copy filtered resources.
2019-10-22 10:11:26,276 [Worker-33: Building workspace] INFO  o.e.m.c.i.embedder.EclipseLogger - skip non existing resourceDirectory C:\Users\Coalesce\Downloads\mortgage-master\mortgage-loanservice\src\test\resources
2019-10-22 10:11:42,323 [Worker-32: Building workspace] INFO  o.e.m.c.i.embedder.EclipseLogger - Using 'UTF-8' encoding to copy filtered resources.
2019-10-22 10:11:42,327 [Worker-32: Building workspace] INFO  o.e.m.c.i.embedder.EclipseLogger - Copying 1 resource
2019-10-22 10:11:42,330 [Worker-32: Building workspace] INFO  o.e.m.c.i.embedder.EclipseLogger - Copying 0 resource
2019-10-22 10:11:42,335 [Worker-32: Building workspace] INFO  o.e.m.c.i.embedder.EclipseLogger - Using 'UTF-8' encoding to copy filtered resources.
2019-10-22 10:11:42,343 [Worker-32: Building workspace] INFO  o.e.m.c.i.embedder.EclipseLogger - skip non existing resourceDirectory C:\Users\Coalesce\Downloads\mortgage-master\mortgage-loanservice\src\test\resources
2019-10-22 10:11:43,172 [Worker-32: Building workspace] INFO  o.e.m.c.i.l.LifecycleMappingFactory - Using org.maven.ide.eclipse.wtp.WarLifecycleMapping lifecycle mapping for MavenProject: hcl:bank-userservice:0.0.1-SNAPSHOT @ C:\Users\Coalesce\Downloads\mortgage-master\mortgage-userservice\pom.xml.
2019-10-22 10:11:44,155 [Worker-32: Building workspace] INFO  o.e.m.c.i.embedder.EclipseLogger - Using 'UTF-8' encoding to copy filtered resources.
2019-10-22 10:11:44,162 [Worker-32: Building workspace] INFO  o.e.m.c.i.embedder.EclipseLogger - Copying 1 resource
2019-10-22 10:11:44,173 [Worker-32: Building workspace] INFO  o.e.m.c.i.embedder.EclipseLogger - Copying 0 resource
2019-10-22 10:11:44,175 [Worker-32: Building workspace] INFO  o.e.m.c.i.embedder.EclipseLogger - Using 'UTF-8' encoding to copy filtered resources.
2019-10-22 10:11:44,181 [Worker-32: Building workspace] INFO  o.e.m.c.i.embedder.EclipseLogger - skip non existing resourceDirectory C:\Users\Coalesce\Downloads\mortgage-master\mortgage-userservice\src\test\resources
2019-10-22 10:11:46,506 [Worker-30: Building workspace] INFO  o.e.m.c.i.embedder.EclipseLogger - Using 'UTF-8' encoding to copy filtered resources.
2019-10-22 10:11:46,519 [Worker-30: Building workspace] INFO  o.e.m.c.i.embedder.EclipseLogger - Copying 1 resource
2019-10-22 10:11:46,531 [Worker-30: Building workspace] INFO  o.e.m.c.i.embedder.EclipseLogger - Copying 0 resource
2019-10-22 10:11:46,540 [Worker-30: Building workspace] INFO  o.e.m.c.i.embedder.EclipseLogger - Using 'UTF-8' encoding to copy filtered resources.
2019-10-22 10:11:46,541 [Worker-30: Building workspace] INFO  o.e.m.c.i.embedder.EclipseLogger - skip non existing resourceDirectory C:\Users\Coalesce\Downloads\mortgage-master\mortgage-userservice\src\test\resources
2019-10-22 10:12:00,781 [Worker-33: Building workspace] INFO  o.e.m.c.i.l.LifecycleMappingFactory - Using org.maven.ide.eclipse.wtp.WarLifecycleMapping lifecycle mapping for MavenProject: hcl:bank-webclient:0.0.1-SNAPSHOT @ C:\Users\Coalesce\Downloads\mortgage-master\mortgage-client\pom.xml.
2019-10-22 10:12:01,674 [Worker-33: Building workspace] INFO  o.e.m.c.i.embedder.EclipseLogger - Using 'UTF-8' encoding to copy filtered resources.
2019-10-22 10:12:01,674 [Worker-33: Building workspace] INFO  o.e.m.c.i.embedder.EclipseLogger - Copying 1 resource
2019-10-22 10:12:01,698 [Worker-33: Building workspace] INFO  o.e.m.c.i.embedder.EclipseLogger - Copying 0 resource
2019-10-22 10:12:01,709 [Worker-33: Building workspace] INFO  o.e.m.c.i.embedder.EclipseLogger - Using 'UTF-8' encoding to copy filtered resources.
2019-10-22 10:12:01,709 [Worker-33: Building workspace] INFO  o.e.m.c.i.embedder.EclipseLogger - skip non existing resourceDirectory C:\Users\Coalesce\Downloads\mortgage-master\mortgage-client\src\test\resources
2019-10-22 10:12:05,973 [Worker-32: Building workspace] INFO  o.e.m.c.i.embedder.EclipseLogger - Using 'UTF-8' encoding to copy filtered resources.
2019-10-22 10:12:05,973 [Worker-32: Building workspace] INFO  o.e.m.c.i.embedder.EclipseLogger - Copying 1 resource
2019-10-22 10:12:05,985 [Worker-32: Building workspace] INFO  o.e.m.c.i.embedder.EclipseLogger - Copying 0 resource
2019-10-22 10:12:05,997 [Worker-32: Building workspace] INFO  o.e.m.c.i.embedder.EclipseLogger - Using 'UTF-8' encoding to copy filtered resources.
2019-10-22 10:12:06,006 [Worker-32: Building workspace] INFO  o.e.m.c.i.embedder.EclipseLogger - skip non existing resourceDirectory C:\Users\Coalesce\Downloads\mortgage-master\mortgage-client\src\test\resources
2019-10-22 10:13:16,849 [Worker-30: Building workspace] INFO  o.e.m.c.i.l.LifecycleMappingFactory - Using org.maven.ide.eclipse.wtp.WarLifecycleMapping lifecycle mapping for MavenProject: hcl:mortgage-webclient:0.0.1-SNAPSHOT @ C:\Users\Coalesce\Downloads\mortgage-master\mortgage-client\pom.xml.
2019-10-22 10:13:18,483 [Worker-30: Building workspace] INFO  o.e.m.c.i.embedder.EclipseLogger - Using 'UTF-8' encoding to copy filtered resources.
2019-10-22 10:13:18,489 [Worker-30: Building workspace] INFO  o.e.m.c.i.embedder.EclipseLogger - Copying 0 resource
2019-10-22 10:13:18,495 [Worker-30: Building workspace] INFO  o.e.m.c.i.embedder.EclipseLogger - Copying 0 resource
2019-10-22 10:13:18,496 [Worker-30: Building workspace] INFO  o.e.m.c.i.embedder.EclipseLogger - Using 'UTF-8' encoding to copy filtered resources.
2019-10-22 10:13:18,502 [Worker-30: Building workspace] INFO  o.e.m.c.i.embedder.EclipseLogger - skip non existing resourceDirectory C:\Users\Coalesce\Downloads\mortgage-master\mortgage-client\src\test\resources
2019-10-22 10:13:18,502 [Worker-30: Building workspace] INFO  o.e.m.w.i.f.ResourceFilteringBuildParticipant - Changed resources require a complete clean of filtered resources of mortgage-webclient
2019-10-22 10:13:18,502 [Worker-30: Building workspace] INFO  o.e.m.w.i.f.ResourceFilteringBuildParticipant - Executing resource filtering for mortgage-webclient
2019-10-22 10:13:18,506 [Worker-30: Building workspace] INFO  o.e.m.c.i.embedder.EclipseLogger - Using 'UTF-8' encoding to copy filtered resources.
2019-10-22 10:13:35,325 [Worker-34: Updating Maven Project] INFO  o.e.m.c.i.p.ProjectConfigurationManager - Update started
2019-10-22 10:13:36,017 [Worker-34: Updating Maven Project] INFO  o.e.m.c.i.l.LifecycleMappingFactory - Using org.maven.ide.eclipse.wtp.WarLifecycleMapping lifecycle mapping for MavenProject: hcl:bank-userservice:0.0.1-SNAPSHOT @ C:\Users\Coalesce\Downloads\mortgage-master\mortgage-userservice\pom.xml.
2019-10-22 10:13:36,759 [Worker-34: Updating Maven Project] INFO  o.e.m.c.i.l.LifecycleMappingFactory - Using org.maven.ide.eclipse.wtp.WarLifecycleMapping lifecycle mapping for MavenProject: hcl:bank-accountservice:0.0.1-SNAPSHOT @ C:\Users\Coalesce\Downloads\mortgage-master\mortgage-loanservice\pom.xml.
2019-10-22 10:13:36,993 [Worker-34: Updating Maven Project] INFO  o.e.m.c.i.l.LifecycleMappingFactory - Using org.maven.ide.eclipse.wtp.WarLifecycleMapping lifecycle mapping for MavenProject: hcl:mortgage-webclient:0.0.1-SNAPSHOT @ C:\Users\Coalesce\Downloads\mortgage-master\mortgage-client\pom.xml.
2019-10-22 10:13:38,717 [Worker-34: Updating Maven Project] INFO  o.e.m.j.i.AbstractJavaProjectConfigurator - Adding source folder /mortgage-webclient/src/main/java
2019-10-22 10:13:38,717 [Worker-34: Updating Maven Project] INFO  o.e.m.j.i.AbstractJavaProjectConfigurator - Adding resource folder /mortgage-webclient/src/main/resources
2019-10-22 10:13:38,717 [Worker-34: Updating Maven Project] INFO  o.e.m.j.i.AbstractJavaProjectConfigurator - Adding resource folder /mortgage-webclient/src/main/resources
2019-10-22 10:13:38,718 [Worker-34: Updating Maven Project] INFO  o.e.m.j.i.AbstractJavaProjectConfigurator - Adding source folder /mortgage-webclient/src/test/java
2019-10-22 10:13:39,098 [Worker-34: Updating Maven Project] INFO  o.e.m.w.i.f.ResourceFilteringBuildParticipant - Cleaning filtered folder for mortgage-webclient
2019-10-22 10:13:39,108 [Worker-34: Updating Maven Project] INFO  o.e.m.c.i.p.ProjectConfigurationManager - Update completed: 3 sec
2019-10-22 10:13:40,134 [Worker-31: Building workspace] INFO  o.e.m.c.i.embedder.EclipseLogger - Using 'UTF-8' encoding to copy filtered resources.
2019-10-22 10:13:40,137 [Worker-31: Building workspace] INFO  o.e.m.c.i.embedder.EclipseLogger - Copying 0 resource
2019-10-22 10:13:40,143 [Worker-31: Building workspace] INFO  o.e.m.c.i.embedder.EclipseLogger - Copying 0 resource
2019-10-22 10:13:40,152 [Worker-31: Building workspace] INFO  o.e.m.c.i.embedder.EclipseLogger - Using 'UTF-8' encoding to copy filtered resources.
2019-10-22 10:13:40,158 [Worker-31: Building workspace] INFO  o.e.m.c.i.embedder.EclipseLogger - skip non existing resourceDirectory C:\Users\Coalesce\Downloads\mortgage-master\mortgage-loanservice\src\test\resources
2019-10-22 10:13:40,831 [Worker-31: Building workspace] INFO  o.e.m.c.i.embedder.EclipseLogger - Using 'UTF-8' encoding to copy filtered resources.
2019-10-22 10:13:40,837 [Worker-31: Building workspace] INFO  o.e.m.c.i.embedder.EclipseLogger - Copying 0 resource
2019-10-22 10:13:40,837 [Worker-31: Building workspace] INFO  o.e.m.c.i.embedder.EclipseLogger - Copying 0 resource
2019-10-22 10:13:40,839 [Worker-31: Building workspace] INFO  o.e.m.c.i.embedder.EclipseLogger - Using 'UTF-8' encoding to copy filtered resources.
2019-10-22 10:13:40,839 [Worker-31: Building workspace] INFO  o.e.m.c.i.embedder.EclipseLogger - skip non existing resourceDirectory C:\Users\Coalesce\Downloads\mortgage-master\mortgage-userservice\src\test\resources
2019-10-22 10:13:42,077 [Worker-31: Building workspace] INFO  o.e.m.c.i.embedder.EclipseLogger - Using 'UTF-8' encoding to copy filtered resources.
2019-10-22 10:13:42,077 [Worker-31: Building workspace] INFO  o.e.m.c.i.embedder.EclipseLogger - Copying 1 resource
2019-10-22 10:13:42,090 [Worker-31: Building workspace] INFO  o.e.m.c.i.embedder.EclipseLogger - Copying 0 resource
2019-10-22 10:13:42,092 [Worker-31: Building workspace] INFO  o.e.m.c.i.embedder.EclipseLogger - Using 'UTF-8' encoding to copy filtered resources.
2019-10-22 10:13:42,099 [Worker-31: Building workspace] INFO  o.e.m.c.i.embedder.EclipseLogger - skip non existing resourceDirectory C:\Users\Coalesce\Downloads\mortgage-master\mortgage-client\src\test\resources
2019-10-22 10:13:42,099 [Worker-31: Building workspace] INFO  o.e.m.w.i.f.ResourceFilteringBuildParticipant - Changed resources require a complete clean of filtered resources of mortgage-webclient
2019-10-22 10:13:42,105 [Worker-31: Building workspace] INFO  o.e.m.w.i.f.ResourceFilteringBuildParticipant - Executing resource filtering for mortgage-webclient
2019-10-22 10:13:42,108 [Worker-31: Building workspace] INFO  o.e.m.c.i.embedder.EclipseLogger - Using 'UTF-8' encoding to copy filtered resources.
2019-10-22 10:14:23,284 [Worker-34: Updating Maven Project] INFO  o.e.m.c.i.p.ProjectConfigurationManager - Update started
2019-10-22 10:14:23,913 [Worker-34: Updating Maven Project] INFO  o.e.m.c.i.l.LifecycleMappingFactory - Using org.maven.ide.eclipse.wtp.WarLifecycleMapping lifecycle mapping for MavenProject: hcl:bank-accountservice:0.0.1-SNAPSHOT @ C:\Users\Coalesce\Downloads\mortgage-master\mortgage-loanservice\pom.xml.
2019-10-22 10:14:24,611 [Worker-34: Updating Maven Project] INFO  o.e.m.c.i.l.LifecycleMappingFactory - Using org.maven.ide.eclipse.wtp.WarLifecycleMapping lifecycle mapping for MavenProject: hcl:mortgage-webclient:0.0.1-SNAPSHOT @ C:\Users\Coalesce\Downloads\mortgage-master\mortgage-client\pom.xml.
2019-10-22 10:14:26,466 [Worker-34: Updating Maven Project] INFO  o.e.m.j.i.AbstractJavaProjectConfigurator - Adding source folder /mortgage-webclient/src/main/java
2019-10-22 10:14:26,472 [Worker-34: Updating Maven Project] INFO  o.e.m.j.i.AbstractJavaProjectConfigurator - Adding resource folder /mortgage-webclient/src/main/resources
2019-10-22 10:14:26,473 [Worker-34: Updating Maven Project] INFO  o.e.m.j.i.AbstractJavaProjectConfigurator - Adding resource folder /mortgage-webclient/src/main/resources
2019-10-22 10:14:26,479 [Worker-34: Updating Maven Project] INFO  o.e.m.j.i.AbstractJavaProjectConfigurator - Adding source folder /mortgage-webclient/src/test/java
2019-10-22 10:14:26,797 [Worker-34: Updating Maven Project] INFO  o.e.m.w.i.f.ResourceFilteringBuildParticipant - Cleaning filtered folder for mortgage-webclient
2019-10-22 10:14:26,810 [Worker-34: Updating Maven Project] INFO  o.e.m.c.i.p.ProjectConfigurationManager - Update completed: 3 sec
2019-10-22 10:14:27,734 [Worker-17: Building workspace] INFO  o.e.m.c.i.embedder.EclipseLogger - Using 'UTF-8' encoding to copy filtered resources.
2019-10-22 10:14:27,737 [Worker-17: Building workspace] INFO  o.e.m.c.i.embedder.EclipseLogger - Copying 0 resource
2019-10-22 10:14:27,737 [Worker-17: Building workspace] INFO  o.e.m.c.i.embedder.EclipseLogger - Copying 0 resource
2019-10-22 10:14:27,746 [Worker-17: Building workspace] INFO  o.e.m.c.i.embedder.EclipseLogger - Using 'UTF-8' encoding to copy filtered resources.
2019-10-22 10:14:27,752 [Worker-17: Building workspace] INFO  o.e.m.c.i.embedder.EclipseLogger - skip non existing resourceDirectory C:\Users\Coalesce\Downloads\mortgage-master\mortgage-loanservice\src\test\resources
2019-10-22 10:14:29,008 [Worker-17: Building workspace] INFO  o.e.m.c.i.embedder.EclipseLogger - Using 'UTF-8' encoding to copy filtered resources.
2019-10-22 10:14:29,008 [Worker-17: Building workspace] INFO  o.e.m.c.i.embedder.EclipseLogger - Copying 1 resource
2019-10-22 10:14:29,027 [Worker-17: Building workspace] INFO  o.e.m.c.i.embedder.EclipseLogger - Copying 0 resource
2019-10-22 10:14:29,036 [Worker-17: Building workspace] INFO  o.e.m.c.i.embedder.EclipseLogger - Using 'UTF-8' encoding to copy filtered resources.
2019-10-22 10:14:29,042 [Worker-17: Building workspace] INFO  o.e.m.c.i.embedder.EclipseLogger - skip non existing resourceDirectory C:\Users\Coalesce\Downloads\mortgage-master\mortgage-client\src\test\resources
2019-10-22 10:14:29,042 [Worker-17: Building workspace] INFO  o.e.m.w.i.f.ResourceFilteringBuildParticipant - Changed resources require a complete clean of filtered resources of mortgage-webclient
2019-10-22 10:14:29,048 [Worker-17: Building workspace] INFO  o.e.m.w.i.f.ResourceFilteringBuildParticipant - Executing resource filtering for mortgage-webclient
2019-10-22 10:14:29,052 [Worker-17: Building workspace] INFO  o.e.m.c.i.embedder.EclipseLogger - Using 'UTF-8' encoding to copy filtered resources.
2019-10-22 10:31:39,176 [Worker-26: Building workspace] INFO  o.e.m.c.i.embedder.EclipseLogger - Using 'UTF-8' encoding to copy filtered resources.
2019-10-22 10:31:39,176 [Worker-26: Building workspace] INFO  o.e.m.c.i.embedder.EclipseLogger - Copying 0 resource
2019-10-22 10:31:39,177 [Worker-26: Building workspace] INFO  o.e.m.c.i.embedder.EclipseLogger - Copying 0 resource
2019-10-22 10:31:39,179 [Worker-26: Building workspace] INFO  o.e.m.c.i.embedder.EclipseLogger - Using 'UTF-8' encoding to copy filtered resources.
2019-10-22 10:31:39,180 [Worker-26: Building workspace] INFO  o.e.m.c.i.embedder.EclipseLogger - skip non existing resourceDirectory C:\Users\Coalesce\Downloads\mortgage-master\mortgage-client\src\test\resources
2019-10-22 10:32:49,146 [Worker-2: Loading available Gradle versions] INFO  o.e.b.c.i.u.g.PublishedGradleVersions - Gradle version information cache is up-to-date. Trying to read.
2019-10-22 10:33:04,648 [Worker-0: Building workspace] INFO  o.e.m.c.i.embedder.EclipseLogger - Using 'UTF-8' encoding to copy filtered resources.
2019-10-22 10:33:04,655 [Worker-0: Building workspace] INFO  o.e.m.c.i.embedder.EclipseLogger - Copying 1 resource
2019-10-22 10:33:04,703 [Worker-0: Building workspace] INFO  o.e.m.c.i.embedder.EclipseLogger - Copying 0 resource
2019-10-22 10:33:04,709 [Worker-0: Building workspace] INFO  o.e.m.c.i.embedder.EclipseLogger - Using 'UTF-8' encoding to copy filtered resources.
2019-10-22 10:33:04,709 [Worker-0: Building workspace] INFO  o.e.m.c.i.embedder.EclipseLogger - skip non existing resourceDirectory C:\Users\Coalesce\Documents\day2\DiscoverMicroservice\src\test\resources
2019-10-22 10:33:10,394 [Worker-0: Building workspace] INFO  o.e.m.c.i.embedder.EclipseLogger - Using 'UTF-8' encoding to copy filtered resources.
2019-10-22 10:33:10,395 [Worker-0: Building workspace] INFO  o.e.m.c.i.embedder.EclipseLogger - Copying 1 resource
2019-10-22 10:33:10,401 [Worker-0: Building workspace] INFO  o.e.m.c.i.embedder.EclipseLogger - Copying 0 resource
2019-10-22 10:33:10,405 [Worker-0: Building workspace] INFO  o.e.m.c.i.embedder.EclipseLogger - Using 'UTF-8' encoding to copy filtered resources.
2019-10-22 10:33:10,405 [Worker-0: Building workspace] INFO  o.e.m.c.i.embedder.EclipseLogger - skip non existing resourceDirectory C:\Users\Coalesce\Downloads\mortgage-master\mortgage-loanservice\src\test\resources
2019-10-22 10:33:17,864 [Worker-0: Building workspace] INFO  o.e.m.c.i.embedder.EclipseLogger - Using 'UTF-8' encoding to copy filtered resources.
2019-10-22 10:33:17,865 [Worker-0: Building workspace] INFO  o.e.m.c.i.embedder.EclipseLogger - Copying 1 resource
2019-10-22 10:33:17,900 [Worker-0: Building workspace] INFO  o.e.m.c.i.embedder.EclipseLogger - Copying 0 resource
2019-10-22 10:33:17,902 [Worker-0: Building workspace] INFO  o.e.m.c.i.embedder.EclipseLogger - Using 'UTF-8' encoding to copy filtered resources.
2019-10-22 10:33:17,903 [Worker-0: Building workspace] INFO  o.e.m.c.i.embedder.EclipseLogger - skip non existing resourceDirectory C:\Users\Coalesce\Downloads\mortgage-master\mortgage-userservice\src\test\resources
2019-10-22 10:33:21,671 [Worker-0: Building workspace] INFO  o.e.m.c.i.embedder.EclipseLogger - Using 'UTF-8' encoding to copy filtered resources.
2019-10-22 10:33:21,672 [Worker-0: Building workspace] INFO  o.e.m.c.i.embedder.EclipseLogger - Copying 1 resource
2019-10-22 10:33:21,686 [Worker-0: Building workspace] INFO  o.e.m.c.i.embedder.EclipseLogger - Copying 0 resource
2019-10-22 10:33:21,689 [Worker-0: Building workspace] INFO  o.e.m.c.i.embedder.EclipseLogger - Using 'UTF-8' encoding to copy filtered resources.
2019-10-22 10:33:21,699 [Worker-0: Building workspace] INFO  o.e.m.c.i.embedder.EclipseLogger - skip non existing resourceDirectory C:\Users\Coalesce\Downloads\mortgage-master\mortgage-client\src\test\resources
2019-10-22 10:33:54,911 [Worker-2: Building workspace] INFO  o.e.m.c.i.embedder.EclipseLogger - Using 'UTF-8' encoding to copy filtered resources.
2019-10-22 10:33:54,967 [Worker-2: Building workspace] INFO  o.e.m.c.i.embedder.EclipseLogger - Copying 0 resource
2019-10-22 10:33:54,976 [Worker-2: Building workspace] INFO  o.e.m.c.i.embedder.EclipseLogger - Copying 0 resource
2019-10-22 10:33:54,988 [Worker-2: Building workspace] INFO  o.e.m.c.i.embedder.EclipseLogger - Using 'UTF-8' encoding to copy filtered resources.
2019-10-22 10:33:54,988 [Worker-2: Building workspace] INFO  o.e.m.c.i.embedder.EclipseLogger - skip non existing resourceDirectory C:\Users\Coalesce\Downloads\mortgage-master\mortgage-client\src\test\resources
2019-10-22 10:34:08,093 [Worker-8: Updating Maven Project] INFO  o.e.m.c.i.p.ProjectConfigurationManager - Update started
2019-10-22 10:34:09,559 [Worker-8: Updating Maven Project] INFO  o.e.m.c.i.l.LifecycleMappingFactory - Using org.maven.ide.eclipse.wtp.WarLifecycleMapping lifecycle mapping for MavenProject: hcl:bank-accountservice:0.0.1-SNAPSHOT @ C:\Users\Coalesce\Downloads\mortgage-master\mortgage-loanservice\pom.xml.
2019-10-22 10:34:10,666 [Worker-8: Updating Maven Project] INFO  o.e.m.c.i.l.LifecycleMappingFactory - Using org.maven.ide.eclipse.wtp.WarLifecycleMapping lifecycle mapping for MavenProject: hcl:bank-userservice:0.0.1-SNAPSHOT @ C:\Users\Coalesce\Downloads\mortgage-master\mortgage-userservice\pom.xml.
2019-10-22 10:34:10,935 [Worker-8: Updating Maven Project] INFO  o.e.m.c.i.l.LifecycleMappingFactory - Using org.maven.ide.eclipse.wtp.WarLifecycleMapping lifecycle mapping for MavenProject: hcl:mortgage-webclient:0.0.1-SNAPSHOT @ C:\Users\Coalesce\Downloads\mortgage-master\mortgage-client\pom.xml.
2019-10-22 10:34:11,226 [Worker-8: Updating Maven Project] INFO  o.e.m.c.i.l.LifecycleMappingFactory - Using org.maven.ide.eclipse.wtp.WarLifecycleMapping lifecycle mapping for MavenProject: com.priya:DiscoverMicroservice:0.0.1-SNAPSHOT @ C:\Users\Coalesce\Documents\day2\DiscoverMicroservice\pom.xml.
2019-10-22 10:34:17,221 [Worker-8: Updating Maven Project] INFO  o.e.m.j.i.AbstractJavaProjectConfigurator - Adding source folder /DiscoverMicroservice/src/main/java
2019-10-22 10:34:17,228 [Worker-8: Updating Maven Project] INFO  o.e.m.j.i.AbstractJavaProjectConfigurator - Adding resource folder /DiscoverMicroservice/src/main/resources
2019-10-22 10:34:17,234 [Worker-8: Updating Maven Project] INFO  o.e.m.j.i.AbstractJavaProjectConfigurator - Adding resource folder /DiscoverMicroservice/src/main/resources
2019-10-22 10:34:17,241 [Worker-8: Updating Maven Project] INFO  o.e.m.j.i.AbstractJavaProjectConfigurator - Adding source folder /DiscoverMicroservice/src/test/java
2019-10-22 10:34:18,778 [Worker-8: Updating Maven Project] INFO  o.e.m.j.i.AbstractJavaProjectConfigurator - Adding source folder /mortgage-loanservice/src/main/java
2019-10-22 10:34:18,790 [Worker-8: Updating Maven Project] INFO  o.e.m.j.i.AbstractJavaProjectConfigurator - Adding resource folder /mortgage-loanservice/src/main/resources
2019-10-22 10:34:18,799 [Worker-8: Updating Maven Project] INFO  o.e.m.j.i.AbstractJavaProjectConfigurator - Adding resource folder /mortgage-loanservice/src/main/resources
2019-10-22 10:34:18,807 [Worker-8: Updating Maven Project] INFO  o.e.m.j.i.AbstractJavaProjectConfigurator - Adding source folder /mortgage-loanservice/src/test/java
2019-10-22 10:34:19,387 [Worker-8: Updating Maven Project] INFO  o.e.m.j.i.AbstractJavaProjectConfigurator - Adding source folder /mortgage-userservice/src/main/java
2019-10-22 10:34:19,395 [Worker-8: Updating Maven Project] INFO  o.e.m.j.i.AbstractJavaProjectConfigurator - Adding resource folder /mortgage-userservice/src/main/resources
2019-10-22 10:34:19,396 [Worker-8: Updating Maven Project] INFO  o.e.m.j.i.AbstractJavaProjectConfigurator - Adding resource folder /mortgage-userservice/src/main/resources
2019-10-22 10:34:19,396 [Worker-8: Updating Maven Project] INFO  o.e.m.j.i.AbstractJavaProjectConfigurator - Adding source folder /mortgage-userservice/src/test/java
2019-10-22 10:34:19,772 [Worker-8: Updating Maven Project] INFO  o.e.m.j.i.AbstractJavaProjectConfigurator - Adding source folder /mortgage-webclient/src/main/java
2019-10-22 10:34:19,781 [Worker-8: Updating Maven Project] INFO  o.e.m.j.i.AbstractJavaProjectConfigurator - Adding resource folder /mortgage-webclient/src/main/resources
2019-10-22 10:34:19,782 [Worker-8: Updating Maven Project] INFO  o.e.m.j.i.AbstractJavaProjectConfigurator - Adding resource folder /mortgage-webclient/src/main/resources
2019-10-22 10:34:19,782 [Worker-8: Updating Maven Project] INFO  o.e.m.j.i.AbstractJavaProjectConfigurator - Adding source folder /mortgage-webclient/src/test/java
2019-10-22 10:34:20,618 [Worker-8: Updating Maven Project] INFO  o.e.m.w.i.f.ResourceFilteringBuildParticipant - Cleaning filtered folder for DiscoverMicroservice
2019-10-22 10:34:20,667 [Worker-8: Updating Maven Project] INFO  o.e.m.w.i.f.ResourceFilteringBuildParticipant - Cleaning filtered folder for mortgage-loanservice
2019-10-22 10:34:20,720 [Worker-8: Updating Maven Project] INFO  o.e.m.w.i.f.ResourceFilteringBuildParticipant - Cleaning filtered folder for mortgage-userservice
2019-10-22 10:34:20,783 [Worker-8: Updating Maven Project] INFO  o.e.m.w.i.f.ResourceFilteringBuildParticipant - Cleaning filtered folder for mortgage-webclient
2019-10-22 10:34:20,789 [Worker-8: Updating Maven Project] INFO  o.e.m.c.i.p.ProjectConfigurationManager - Update completed: 12 sec
2019-10-22 10:34:20,854 [Worker-9: Updating Maven Project] INFO  o.e.m.c.i.p.ProjectConfigurationManager - Update started
2019-10-22 10:34:22,190 [Worker-9: Updating Maven Project] INFO  o.e.m.c.i.l.LifecycleMappingFactory - Using org.maven.ide.eclipse.wtp.WarLifecycleMapping lifecycle mapping for MavenProject: hcl:bank-accountservice:0.0.1-SNAPSHOT @ C:\Users\Coalesce\Downloads\mortgage-master\mortgage-loanservice\pom.xml.
2019-10-22 10:34:23,167 [Worker-9: Updating Maven Project] INFO  o.e.m.c.i.l.LifecycleMappingFactory - Using org.maven.ide.eclipse.wtp.WarLifecycleMapping lifecycle mapping for MavenProject: hcl:bank-userservice:0.0.1-SNAPSHOT @ C:\Users\Coalesce\Downloads\mortgage-master\mortgage-userservice\pom.xml.
2019-10-22 10:34:23,417 [Worker-9: Updating Maven Project] INFO  o.e.m.c.i.l.LifecycleMappingFactory - Using org.maven.ide.eclipse.wtp.WarLifecycleMapping lifecycle mapping for MavenProject: hcl:mortgage-webclient:0.0.1-SNAPSHOT @ C:\Users\Coalesce\Downloads\mortgage-master\mortgage-client\pom.xml.
2019-10-22 10:34:23,831 [Worker-9: Updating Maven Project] INFO  o.e.m.c.i.l.LifecycleMappingFactory - Using org.maven.ide.eclipse.wtp.WarLifecycleMapping lifecycle mapping for MavenProject: com.priya:DiscoverMicroservice:0.0.1-SNAPSHOT @ C:\Users\Coalesce\Documents\day2\DiscoverMicroservice\pom.xml.
2019-10-22 10:34:27,805 [Worker-9: Updating Maven Project] INFO  o.e.m.j.i.AbstractJavaProjectConfigurator - Adding source folder /DiscoverMicroservice/src/main/java
2019-10-22 10:34:27,811 [Worker-9: Updating Maven Project] INFO  o.e.m.j.i.AbstractJavaProjectConfigurator - Adding resource folder /DiscoverMicroservice/src/main/resources
2019-10-22 10:34:27,817 [Worker-9: Updating Maven Project] INFO  o.e.m.j.i.AbstractJavaProjectConfigurator - Adding resource folder /DiscoverMicroservice/src/main/resources
2019-10-22 10:34:27,823 [Worker-9: Updating Maven Project] INFO  o.e.m.j.i.AbstractJavaProjectConfigurator - Adding source folder /DiscoverMicroservice/src/test/java
2019-10-22 10:34:28,620 [Worker-9: Updating Maven Project] INFO  o.e.m.j.i.AbstractJavaProjectConfigurator - Adding source folder /mortgage-loanservice/src/main/java
2019-10-22 10:34:28,620 [Worker-9: Updating Maven Project] INFO  o.e.m.j.i.AbstractJavaProjectConfigurator - Adding resource folder /mortgage-loanservice/src/main/resources
2019-10-22 10:34:28,620 [Worker-9: Updating Maven Project] INFO  o.e.m.j.i.AbstractJavaProjectConfigurator - Adding resource folder /mortgage-loanservice/src/main/resources
2019-10-22 10:34:28,627 [Worker-9: Updating Maven Project] INFO  o.e.m.j.i.AbstractJavaProjectConfigurator - Adding source folder /mortgage-loanservice/src/test/java
2019-10-22 10:34:29,036 [Worker-9: Updating Maven Project] INFO  o.e.m.j.i.AbstractJavaProjectConfigurator - Adding source folder /mortgage-userservice/src/main/java
2019-10-22 10:34:29,047 [Worker-9: Updating Maven Project] INFO  o.e.m.j.i.AbstractJavaProjectConfigurator - Adding resource folder /mortgage-userservice/src/main/resources
2019-10-22 10:34:29,047 [Worker-9: Updating Maven Project] INFO  o.e.m.j.i.AbstractJavaProjectConfigurator - Adding resource folder /mortgage-userservice/src/main/resources
2019-10-22 10:34:29,059 [Worker-9: Updating Maven Project] INFO  o.e.m.j.i.AbstractJavaProjectConfigurator - Adding source folder /mortgage-userservice/src/test/java
2019-10-22 10:34:29,564 [Worker-9: Updating Maven Project] INFO  o.e.m.j.i.AbstractJavaProjectConfigurator - Adding source folder /mortgage-webclient/src/main/java
2019-10-22 10:34:29,564 [Worker-9: Updating Maven Project] INFO  o.e.m.j.i.AbstractJavaProjectConfigurator - Adding resource folder /mortgage-webclient/src/main/resources
2019-10-22 10:34:29,565 [Worker-9: Updating Maven Project] INFO  o.e.m.j.i.AbstractJavaProjectConfigurator - Adding resource folder /mortgage-webclient/src/main/resources
2019-10-22 10:34:29,574 [Worker-9: Updating Maven Project] INFO  o.e.m.j.i.AbstractJavaProjectConfigurator - Adding source folder /mortgage-webclient/src/test/java
2019-10-22 10:34:30,334 [Worker-9: Updating Maven Project] INFO  o.e.m.w.i.f.ResourceFilteringBuildParticipant - Cleaning filtered folder for DiscoverMicroservice
2019-10-22 10:34:30,353 [Worker-9: Updating Maven Project] INFO  o.e.m.w.i.f.ResourceFilteringBuildParticipant - Cleaning filtered folder for mortgage-loanservice
2019-10-22 10:34:30,370 [Worker-9: Updating Maven Project] INFO  o.e.m.w.i.f.ResourceFilteringBuildParticipant - Cleaning filtered folder for mortgage-userservice
2019-10-22 10:34:30,395 [Worker-9: Updating Maven Project] INFO  o.e.m.w.i.f.ResourceFilteringBuildParticipant - Cleaning filtered folder for mortgage-webclient
2019-10-22 10:34:30,409 [Worker-9: Updating Maven Project] INFO  o.e.m.c.i.p.ProjectConfigurationManager - Update completed: 9 sec
2019-10-22 10:34:34,556 [Worker-5: Building workspace] INFO  o.e.m.c.i.embedder.EclipseLogger - Using 'UTF-8' encoding to copy filtered resources.
2019-10-22 10:34:34,557 [Worker-5: Building workspace] INFO  o.e.m.c.i.embedder.EclipseLogger - Copying 1 resource
2019-10-22 10:34:34,642 [Worker-5: Building workspace] INFO  o.e.m.c.i.embedder.EclipseLogger - Copying 0 resource
2019-10-22 10:34:34,669 [Worker-5: Building workspace] INFO  o.e.m.c.i.embedder.EclipseLogger - Using 'UTF-8' encoding to copy filtered resources.
2019-10-22 10:34:34,709 [Worker-5: Building workspace] INFO  o.e.m.c.i.embedder.EclipseLogger - skip non existing resourceDirectory C:\Users\Coalesce\Documents\day2\DiscoverMicroservice\src\test\resources
2019-10-22 10:34:34,710 [Worker-5: Building workspace] INFO  o.e.m.w.i.f.ResourceFilteringBuildParticipant - Changed resources require a complete clean of filtered resources of DiscoverMicroservice
2019-10-22 10:34:34,739 [Worker-5: Building workspace] INFO  o.e.m.w.i.f.ResourceFilteringBuildParticipant - Executing resource filtering for DiscoverMicroservice
2019-10-22 10:34:34,746 [Worker-5: Building workspace] INFO  o.e.m.c.i.embedder.EclipseLogger - Using 'UTF-8' encoding to copy filtered resources.
2019-10-22 10:34:37,703 [Worker-5: Building workspace] INFO  o.e.m.c.i.embedder.EclipseLogger - Using 'UTF-8' encoding to copy filtered resources.
2019-10-22 10:34:37,704 [Worker-5: Building workspace] INFO  o.e.m.c.i.embedder.EclipseLogger - Copying 1 resource
2019-10-22 10:34:37,714 [Worker-5: Building workspace] INFO  o.e.m.c.i.embedder.EclipseLogger - Copying 0 resource
2019-10-22 10:34:37,717 [Worker-5: Building workspace] INFO  o.e.m.c.i.embedder.EclipseLogger - Using 'UTF-8' encoding to copy filtered resources.
2019-10-22 10:34:37,724 [Worker-5: Building workspace] INFO  o.e.m.c.i.embedder.EclipseLogger - skip non existing resourceDirectory C:\Users\Coalesce\Downloads\mortgage-master\mortgage-loanservice\src\test\resources
2019-10-22 10:34:37,725 [Worker-5: Building workspace] INFO  o.e.m.w.i.f.ResourceFilteringBuildParticipant - Changed resources require a complete clean of filtered resources of mortgage-loanservice
2019-10-22 10:34:37,731 [Worker-5: Building workspace] INFO  o.e.m.w.i.f.ResourceFilteringBuildParticipant - Executing resource filtering for mortgage-loanservice
2019-10-22 10:34:37,735 [Worker-5: Building workspace] INFO  o.e.m.c.i.embedder.EclipseLogger - Using 'UTF-8' encoding to copy filtered resources.
2019-10-22 10:34:39,271 [Worker-5: Building workspace] INFO  o.e.m.c.i.embedder.EclipseLogger - Using 'UTF-8' encoding to copy filtered resources.
2019-10-22 10:34:39,272 [Worker-5: Building workspace] INFO  o.e.m.c.i.embedder.EclipseLogger - Copying 1 resource
2019-10-22 10:34:39,284 [Worker-5: Building workspace] INFO  o.e.m.c.i.embedder.EclipseLogger - Copying 0 resource
2019-10-22 10:34:39,287 [Worker-5: Building workspace] INFO  o.e.m.c.i.embedder.EclipseLogger - Using 'UTF-8' encoding to copy filtered resources.
2019-10-22 10:34:39,297 [Worker-5: Building workspace] INFO  o.e.m.c.i.embedder.EclipseLogger - skip non existing resourceDirectory C:\Users\Coalesce\Downloads\mortgage-master\mortgage-userservice\src\test\resources
2019-10-22 10:34:39,297 [Worker-5: Building workspace] INFO  o.e.m.w.i.f.ResourceFilteringBuildParticipant - Changed resources require a complete clean of filtered resources of mortgage-userservice
2019-10-22 10:34:39,306 [Worker-5: Building workspace] INFO  o.e.m.w.i.f.ResourceFilteringBuildParticipant - Executing resource filtering for mortgage-userservice
2019-10-22 10:34:39,311 [Worker-5: Building workspace] INFO  o.e.m.c.i.embedder.EclipseLogger - Using 'UTF-8' encoding to copy filtered resources.
2019-10-22 10:34:39,844 [Worker-5: Building workspace] INFO  o.e.m.c.i.embedder.EclipseLogger - Using 'UTF-8' encoding to copy filtered resources.
2019-10-22 10:34:39,844 [Worker-5: Building workspace] INFO  o.e.m.c.i.embedder.EclipseLogger - Copying 1 resource
2019-10-22 10:34:39,896 [Worker-5: Building workspace] INFO  o.e.m.c.i.embedder.EclipseLogger - Copying 0 resource
2019-10-22 10:34:39,898 [Worker-5: Building workspace] INFO  o.e.m.c.i.embedder.EclipseLogger - Using 'UTF-8' encoding to copy filtered resources.
2019-10-22 10:34:39,899 [Worker-5: Building workspace] INFO  o.e.m.c.i.embedder.EclipseLogger - skip non existing resourceDirectory C:\Users\Coalesce\Downloads\mortgage-master\mortgage-client\src\test\resources
2019-10-22 10:34:39,899 [Worker-5: Building workspace] INFO  o.e.m.w.i.f.ResourceFilteringBuildParticipant - Changed resources require a complete clean of filtered resources of mortgage-webclient
2019-10-22 10:34:39,899 [Worker-5: Building workspace] INFO  o.e.m.w.i.f.ResourceFilteringBuildParticipant - Executing resource filtering for mortgage-webclient
2019-10-22 10:34:39,969 [Worker-5: Building workspace] INFO  o.e.m.c.i.embedder.EclipseLogger - Using 'UTF-8' encoding to copy filtered resources.
2019-10-22 10:45:38,729 [Worker-13: Building workspace] INFO  o.e.m.c.i.embedder.EclipseLogger - Using 'UTF-8' encoding to copy filtered resources.
2019-10-22 10:45:38,732 [Worker-13: Building workspace] INFO  o.e.m.c.i.embedder.EclipseLogger - Copying 1 resource
2019-10-22 10:45:38,744 [Worker-13: Building workspace] INFO  o.e.m.c.i.embedder.EclipseLogger - Copying 0 resource
2019-10-22 10:45:38,746 [Worker-13: Building workspace] INFO  o.e.m.c.i.embedder.EclipseLogger - Using 'UTF-8' encoding to copy filtered resources.
2019-10-22 10:45:38,751 [Worker-13: Building workspace] INFO  o.e.m.c.i.embedder.EclipseLogger - skip non existing resourceDirectory C:\Users\Coalesce\Downloads\mortgage-master\mortgage-client\src\test\resources
2019-10-22 10:51:27,653 [Worker-9: Building workspace] INFO  o.e.m.c.i.embedder.EclipseLogger - Using 'UTF-8' encoding to copy filtered resources.
2019-10-22 10:51:27,654 [Worker-9: Building workspace] INFO  o.e.m.c.i.embedder.EclipseLogger - Copying 0 resource
2019-10-22 10:51:27,662 [Worker-9: Building workspace] INFO  o.e.m.c.i.embedder.EclipseLogger - Copying 0 resource
2019-10-22 10:51:27,676 [Worker-9: Building workspace] INFO  o.e.m.c.i.embedder.EclipseLogger - Using 'UTF-8' encoding to copy filtered resources.
2019-10-22 10:51:27,677 [Worker-9: Building workspace] INFO  o.e.m.c.i.embedder.EclipseLogger - skip non existing resourceDirectory C:\Users\Coalesce\Downloads\mortgage-master\mortgage-client\src\test\resources
2019-10-22 10:55:23,114 [Worker-43: Building workspace] INFO  o.e.m.c.i.embedder.EclipseLogger - Using 'UTF-8' encoding to copy filtered resources.
2019-10-22 10:55:23,114 [Worker-43: Building workspace] INFO  o.e.m.c.i.embedder.EclipseLogger - Copying 0 resource
2019-10-22 10:55:23,115 [Worker-43: Building workspace] INFO  o.e.m.c.i.embedder.EclipseLogger - Copying 0 resource
2019-10-22 10:55:23,119 [Worker-43: Building workspace] INFO  o.e.m.c.i.embedder.EclipseLogger - Using 'UTF-8' encoding to copy filtered resources.
2019-10-22 10:55:23,119 [Worker-43: Building workspace] INFO  o.e.m.c.i.embedder.EclipseLogger - skip non existing resourceDirectory C:\Users\Coalesce\Downloads\mortgage-master\mortgage-client\src\test\resources
2019-10-22 10:56:01,791 [Worker-36: Building workspace] INFO  o.e.m.c.i.embedder.EclipseLogger - Using 'UTF-8' encoding to copy filtered resources.
2019-10-22 10:56:01,792 [Worker-36: Building workspace] INFO  o.e.m.c.i.embedder.EclipseLogger - Copying 0 resource
2019-10-22 10:56:01,792 [Worker-36: Building workspace] INFO  o.e.m.c.i.embedder.EclipseLogger - Copying 0 resource
2019-10-22 10:56:01,805 [Worker-36: Building workspace] INFO  o.e.m.c.i.embedder.EclipseLogger - Using 'UTF-8' encoding to copy filtered resources.
2019-10-22 10:56:01,805 [Worker-36: Building workspace] INFO  o.e.m.c.i.embedder.EclipseLogger - skip non existing resourceDirectory C:\Users\Coalesce\Downloads\mortgage-master\mortgage-client\src\test\resources
2019-10-22 10:56:35,811 [Worker-25: Building workspace] INFO  o.e.m.c.i.embedder.EclipseLogger - Using 'UTF-8' encoding to copy filtered resources.
2019-10-22 10:56:35,811 [Worker-25: Building workspace] INFO  o.e.m.c.i.embedder.EclipseLogger - Copying 0 resource
2019-10-22 10:56:35,820 [Worker-25: Building workspace] INFO  o.e.m.c.i.embedder.EclipseLogger - Copying 0 resource
2019-10-22 10:56:35,830 [Worker-25: Building workspace] INFO  o.e.m.c.i.embedder.EclipseLogger - Using 'UTF-8' encoding to copy filtered resources.
2019-10-22 10:56:35,839 [Worker-25: Building workspace] INFO  o.e.m.c.i.embedder.EclipseLogger - skip non existing resourceDirectory C:\Users\Coalesce\Downloads\mortgage-master\mortgage-client\src\test\resources
2019-10-22 10:58:19,505 [Worker-44: Building workspace] INFO  o.e.m.c.i.embedder.EclipseLogger - Using 'UTF-8' encoding to copy filtered resources.
2019-10-22 10:58:19,519 [Worker-44: Building workspace] INFO  o.e.m.c.i.embedder.EclipseLogger - Copying 0 resource
2019-10-22 10:58:19,531 [Worker-44: Building workspace] INFO  o.e.m.c.i.embedder.EclipseLogger - Copying 0 resource
2019-10-22 10:58:19,543 [Worker-44: Building workspace] INFO  o.e.m.c.i.embedder.EclipseLogger - Using 'UTF-8' encoding to copy filtered resources.
2019-10-22 10:58:19,543 [Worker-44: Building workspace] INFO  o.e.m.c.i.embedder.EclipseLogger - skip non existing resourceDirectory C:\Users\Coalesce\Downloads\mortgage-master\mortgage-client\src\test\resources
2019-10-22 11:00:38,938 [Worker-36: Building workspace] INFO  o.e.m.c.i.embedder.EclipseLogger - Using 'UTF-8' encoding to copy filtered resources.
2019-10-22 11:00:38,938 [Worker-36: Building workspace] INFO  o.e.m.c.i.embedder.EclipseLogger - Copying 0 resource
2019-10-22 11:00:38,939 [Worker-36: Building workspace] INFO  o.e.m.c.i.embedder.EclipseLogger - Copying 0 resource
2019-10-22 11:00:38,941 [Worker-36: Building workspace] INFO  o.e.m.c.i.embedder.EclipseLogger - Using 'UTF-8' encoding to copy filtered resources.
2019-10-22 11:00:38,953 [Worker-36: Building workspace] INFO  o.e.m.c.i.embedder.EclipseLogger - skip non existing resourceDirectory C:\Users\Coalesce\Downloads\mortgage-master\mortgage-client\src\test\resources
2019-10-22 11:05:23,271 [Worker-35: Building workspace] INFO  o.e.m.c.i.embedder.EclipseLogger - Using 'UTF-8' encoding to copy filtered resources.
2019-10-22 11:05:23,280 [Worker-35: Building workspace] INFO  o.e.m.c.i.embedder.EclipseLogger - Copying 0 resource
2019-10-22 11:05:23,288 [Worker-35: Building workspace] INFO  o.e.m.c.i.embedder.EclipseLogger - Copying 0 resource
2019-10-22 11:05:23,297 [Worker-35: Building workspace] INFO  o.e.m.c.i.embedder.EclipseLogger - Using 'UTF-8' encoding to copy filtered resources.
2019-10-22 11:05:23,297 [Worker-35: Building workspace] INFO  o.e.m.c.i.embedder.EclipseLogger - skip non existing resourceDirectory C:\Users\Coalesce\Downloads\mortgage-master\mortgage-client\src\test\resources
2019-10-22 11:05:59,117 [Worker-16: Building workspace] INFO  o.e.m.c.i.embedder.EclipseLogger - Using 'UTF-8' encoding to copy filtered resources.
2019-10-22 11:05:59,117 [Worker-16: Building workspace] INFO  o.e.m.c.i.embedder.EclipseLogger - Copying 0 resource
2019-10-22 11:05:59,124 [Worker-16: Building workspace] INFO  o.e.m.c.i.embedder.EclipseLogger - Copying 0 resource
2019-10-22 11:05:59,133 [Worker-16: Building workspace] INFO  o.e.m.c.i.embedder.EclipseLogger - Using 'UTF-8' encoding to copy filtered resources.
2019-10-22 11:05:59,140 [Worker-16: Building workspace] INFO  o.e.m.c.i.embedder.EclipseLogger - skip non existing resourceDirectory C:\Users\Coalesce\Downloads\mortgage-master\mortgage-client\src\test\resources
2019-10-22 11:06:18,257 [Worker-13: Building workspace] INFO  o.e.m.c.i.embedder.EclipseLogger - Using 'UTF-8' encoding to copy filtered resources.
2019-10-22 11:06:18,266 [Worker-13: Building workspace] INFO  o.e.m.c.i.embedder.EclipseLogger - Copying 0 resource
2019-10-22 11:06:18,275 [Worker-13: Building workspace] INFO  o.e.m.c.i.embedder.EclipseLogger - Copying 0 resource
2019-10-22 11:06:18,309 [Worker-13: Building workspace] INFO  o.e.m.c.i.embedder.EclipseLogger - Using 'UTF-8' encoding to copy filtered resources.
2019-10-22 11:06:18,309 [Worker-13: Building workspace] INFO  o.e.m.c.i.embedder.EclipseLogger - skip non existing resourceDirectory C:\Users\Coalesce\Downloads\mortgage-master\mortgage-client\src\test\resources
2019-10-22 11:25:26,544 [Worker-48: Building workspace] INFO  o.e.m.c.i.embedder.EclipseLogger - Using 'UTF-8' encoding to copy filtered resources.
2019-10-22 11:25:26,545 [Worker-48: Building workspace] INFO  o.e.m.c.i.embedder.EclipseLogger - Copying 0 resource
2019-10-22 11:25:26,545 [Worker-48: Building workspace] INFO  o.e.m.c.i.embedder.EclipseLogger - Copying 0 resource
2019-10-22 11:25:26,547 [Worker-48: Building workspace] INFO  o.e.m.c.i.embedder.EclipseLogger - Using 'UTF-8' encoding to copy filtered resources.
2019-10-22 11:25:26,547 [Worker-48: Building workspace] INFO  o.e.m.c.i.embedder.EclipseLogger - skip non existing resourceDirectory C:\Users\Coalesce\Downloads\mortgage-master\mortgage-client\src\test\resources
2019-10-22 11:28:33,296 [Worker-46: Building workspace] INFO  o.e.m.c.i.embedder.EclipseLogger - Using 'UTF-8' encoding to copy filtered resources.
2019-10-22 11:28:33,296 [Worker-46: Building workspace] INFO  o.e.m.c.i.embedder.EclipseLogger - Copying 0 resource
2019-10-22 11:28:33,297 [Worker-46: Building workspace] INFO  o.e.m.c.i.embedder.EclipseLogger - Copying 0 resource
2019-10-22 11:28:33,310 [Worker-46: Building workspace] INFO  o.e.m.c.i.embedder.EclipseLogger - Using 'UTF-8' encoding to copy filtered resources.
2019-10-22 11:28:33,310 [Worker-46: Building workspace] INFO  o.e.m.c.i.embedder.EclipseLogger - skip non existing resourceDirectory C:\Users\Coalesce\Downloads\mortgage-master\mortgage-client\src\test\resources
2019-10-22 11:31:19,869 [Worker-45: Building workspace] INFO  o.e.m.c.i.embedder.EclipseLogger - Using 'UTF-8' encoding to copy filtered resources.
2019-10-22 11:31:19,870 [Worker-45: Building workspace] INFO  o.e.m.c.i.embedder.EclipseLogger - Copying 0 resource
2019-10-22 11:31:19,880 [Worker-45: Building workspace] INFO  o.e.m.c.i.embedder.EclipseLogger - Copying 0 resource
2019-10-22 11:31:19,892 [Worker-45: Building workspace] INFO  o.e.m.c.i.embedder.EclipseLogger - Using 'UTF-8' encoding to copy filtered resources.
2019-10-22 11:31:19,903 [Worker-45: Building workspace] INFO  o.e.m.c.i.embedder.EclipseLogger - skip non existing resourceDirectory C:\Users\Coalesce\Downloads\mortgage-master\mortgage-client\src\test\resources
2019-10-22 11:36:58,026 [Worker-53: Building workspace] INFO  o.e.m.c.i.embedder.EclipseLogger - Using 'UTF-8' encoding to copy filtered resources.
2019-10-22 11:36:58,032 [Worker-53: Building workspace] INFO  o.e.m.c.i.embedder.EclipseLogger - Copying 1 resource
2019-10-22 11:36:58,041 [Worker-53: Building workspace] INFO  o.e.m.c.i.embedder.EclipseLogger - Copying 0 resource
2019-10-22 11:36:58,048 [Worker-53: Building workspace] INFO  o.e.m.c.i.embedder.EclipseLogger - Using 'UTF-8' encoding to copy filtered resources.
2019-10-22 11:36:58,048 [Worker-53: Building workspace] INFO  o.e.m.c.i.embedder.EclipseLogger - skip non existing resourceDirectory C:\Users\Coalesce\Downloads\mortgage-master\mortgage-client\src\test\resources
2019-10-22 11:38:26,523 [Worker-53: Building workspace] INFO  o.e.m.c.i.embedder.EclipseLogger - Using 'UTF-8' encoding to copy filtered resources.
2019-10-22 11:38:26,524 [Worker-53: Building workspace] INFO  o.e.m.c.i.embedder.EclipseLogger - Copying 0 resource
2019-10-22 11:38:26,524 [Worker-53: Building workspace] INFO  o.e.m.c.i.embedder.EclipseLogger - Copying 0 resource
2019-10-22 11:38:26,527 [Worker-53: Building workspace] INFO  o.e.m.c.i.embedder.EclipseLogger - Using 'UTF-8' encoding to copy filtered resources.
2019-10-22 11:38:26,542 [Worker-53: Building workspace] INFO  o.e.m.c.i.embedder.EclipseLogger - skip non existing resourceDirectory C:\Users\Coalesce\Downloads\mortgage-master\mortgage-client\src\test\resources
2019-10-22 11:45:51,559 [Worker-58: Building workspace] INFO  o.e.m.c.i.embedder.EclipseLogger - Using 'UTF-8' encoding to copy filtered resources.
2019-10-22 11:45:51,567 [Worker-58: Building workspace] INFO  o.e.m.c.i.embedder.EclipseLogger - Copying 0 resource
2019-10-22 11:45:51,576 [Worker-58: Building workspace] INFO  o.e.m.c.i.embedder.EclipseLogger - Copying 0 resource
2019-10-22 11:45:51,586 [Worker-58: Building workspace] INFO  o.e.m.c.i.embedder.EclipseLogger - Using 'UTF-8' encoding to copy filtered resources.
2019-10-22 11:45:51,587 [Worker-58: Building workspace] INFO  o.e.m.c.i.embedder.EclipseLogger - skip non existing resourceDirectory C:\Users\Coalesce\Downloads\mortgage-master\mortgage-client\src\test\resources
2019-10-22 11:46:23,827 [Worker-46: Building workspace] INFO  o.e.m.c.i.embedder.EclipseLogger - Using 'UTF-8' encoding to copy filtered resources.
2019-10-22 11:46:23,827 [Worker-46: Building workspace] INFO  o.e.m.c.i.embedder.EclipseLogger - Copying 0 resource
2019-10-22 11:46:23,837 [Worker-46: Building workspace] INFO  o.e.m.c.i.embedder.EclipseLogger - Copying 0 resource
2019-10-22 11:46:23,847 [Worker-46: Building workspace] INFO  o.e.m.c.i.embedder.EclipseLogger - Using 'UTF-8' encoding to copy filtered resources.
2019-10-22 11:46:23,857 [Worker-46: Building workspace] INFO  o.e.m.c.i.embedder.EclipseLogger - skip non existing resourceDirectory C:\Users\Coalesce\Downloads\mortgage-master\mortgage-client\src\test\resources
2019-10-22 11:51:30,880 [Worker-58: Launching bank-webclient - BankWebclientApplication] INFO  o.e.m.c.i.embedder.EclipseLogger - Using 'UTF-8' encoding to copy filtered resources.
2019-10-22 11:51:30,889 [Worker-58: Launching bank-webclient - BankWebclientApplication] INFO  o.e.m.c.i.embedder.EclipseLogger - Copying 0 resource
2019-10-22 11:51:30,896 [Worker-58: Launching bank-webclient - BankWebclientApplication] INFO  o.e.m.c.i.embedder.EclipseLogger - Copying 0 resource
2019-10-22 11:51:30,917 [Worker-58: Launching bank-webclient - BankWebclientApplication] INFO  o.e.m.c.i.embedder.EclipseLogger - Using 'UTF-8' encoding to copy filtered resources.
2019-10-22 11:51:30,918 [Worker-58: Launching bank-webclient - BankWebclientApplication] INFO  o.e.m.c.i.embedder.EclipseLogger - skip non existing resourceDirectory C:\Users\Coalesce\Downloads\mortgage-master\mortgage-client\src\test\resources
2019-10-22 11:53:34,715 [Worker-58: Building workspace] INFO  o.e.m.c.i.embedder.EclipseLogger - Using 'UTF-8' encoding to copy filtered resources.
2019-10-22 11:53:34,715 [Worker-58: Building workspace] INFO  o.e.m.c.i.embedder.EclipseLogger - Copying 0 resource
2019-10-22 11:53:34,716 [Worker-58: Building workspace] INFO  o.e.m.c.i.embedder.EclipseLogger - Copying 0 resource
2019-10-22 11:53:34,719 [Worker-58: Building workspace] INFO  o.e.m.c.i.embedder.EclipseLogger - Using 'UTF-8' encoding to copy filtered resources.
2019-10-22 11:53:34,719 [Worker-58: Building workspace] INFO  o.e.m.c.i.embedder.EclipseLogger - skip non existing resourceDirectory C:\Users\Coalesce\Downloads\mortgage-master\mortgage-client\src\test\resources
2019-10-22 11:54:32,296 [Worker-53: Building workspace] INFO  o.e.m.c.i.embedder.EclipseLogger - Using 'UTF-8' encoding to copy filtered resources.
2019-10-22 11:54:32,296 [Worker-53: Building workspace] INFO  o.e.m.c.i.embedder.EclipseLogger - Copying 0 resource
2019-10-22 11:54:32,297 [Worker-53: Building workspace] INFO  o.e.m.c.i.embedder.EclipseLogger - Copying 0 resource
2019-10-22 11:54:32,308 [Worker-53: Building workspace] INFO  o.e.m.c.i.embedder.EclipseLogger - Using 'UTF-8' encoding to copy filtered resources.
2019-10-22 11:54:32,308 [Worker-53: Building workspace] INFO  o.e.m.c.i.embedder.EclipseLogger - skip non existing resourceDirectory C:\Users\Coalesce\Downloads\mortgage-master\mortgage-client\src\test\resources
2019-10-22 12:02:38,805 [Worker-53: Building workspace] INFO  o.e.m.c.i.embedder.EclipseLogger - Using 'UTF-8' encoding to copy filtered resources.
2019-10-22 12:02:38,805 [Worker-53: Building workspace] INFO  o.e.m.c.i.embedder.EclipseLogger - Copying 0 resource
2019-10-22 12:02:38,815 [Worker-53: Building workspace] INFO  o.e.m.c.i.embedder.EclipseLogger - Copying 0 resource
2019-10-22 12:02:38,824 [Worker-53: Building workspace] INFO  o.e.m.c.i.embedder.EclipseLogger - Using 'UTF-8' encoding to copy filtered resources.
2019-10-22 12:02:38,832 [Worker-53: Building workspace] INFO  o.e.m.c.i.embedder.EclipseLogger - skip non existing resourceDirectory C:\Users\Coalesce\Downloads\mortgage-master\mortgage-client\src\test\resources
2019-10-22 12:07:12,259 [Worker-60: Building workspace] INFO  o.e.m.c.i.embedder.EclipseLogger - Using 'UTF-8' encoding to copy filtered resources.
2019-10-22 12:07:12,270 [Worker-60: Building workspace] INFO  o.e.m.c.i.embedder.EclipseLogger - Copying 0 resource
2019-10-22 12:07:12,279 [Worker-60: Building workspace] INFO  o.e.m.c.i.embedder.EclipseLogger - Copying 0 resource
2019-10-22 12:07:12,296 [Worker-60: Building workspace] INFO  o.e.m.c.i.embedder.EclipseLogger - Using 'UTF-8' encoding to copy filtered resources.
2019-10-22 12:07:12,296 [Worker-60: Building workspace] INFO  o.e.m.c.i.embedder.EclipseLogger - skip non existing resourceDirectory C:\Users\Coalesce\Downloads\mortgage-master\mortgage-client\src\test\resources
2019-10-22 12:12:00,507 [Worker-53: Building workspace] INFO  o.e.m.c.i.embedder.EclipseLogger - Using 'UTF-8' encoding to copy filtered resources.
2019-10-22 12:12:00,507 [Worker-53: Building workspace] INFO  o.e.m.c.i.embedder.EclipseLogger - Copying 0 resource
2019-10-22 12:12:00,508 [Worker-53: Building workspace] INFO  o.e.m.c.i.embedder.EclipseLogger - Copying 0 resource
2019-10-22 12:12:00,509 [Worker-53: Building workspace] INFO  o.e.m.c.i.embedder.EclipseLogger - Using 'UTF-8' encoding to copy filtered resources.
2019-10-22 12:12:00,518 [Worker-53: Building workspace] INFO  o.e.m.c.i.embedder.EclipseLogger - skip non existing resourceDirectory C:\Users\Coalesce\Downloads\mortgage-master\mortgage-client\src\test\resources
2019-10-22 12:13:02,963 [Worker-69: Building workspace] INFO  o.e.m.c.i.embedder.EclipseLogger - Using 'UTF-8' encoding to copy filtered resources.
2019-10-22 12:13:02,973 [Worker-69: Building workspace] INFO  o.e.m.c.i.embedder.EclipseLogger - Copying 0 resource
2019-10-22 12:13:02,987 [Worker-69: Building workspace] INFO  o.e.m.c.i.embedder.EclipseLogger - Copying 0 resource
2019-10-22 12:13:02,996 [Worker-69: Building workspace] INFO  o.e.m.c.i.embedder.EclipseLogger - Using 'UTF-8' encoding to copy filtered resources.
2019-10-22 12:13:02,996 [Worker-69: Building workspace] INFO  o.e.m.c.i.embedder.EclipseLogger - skip non existing resourceDirectory C:\Users\Coalesce\Downloads\mortgage-master\mortgage-client\src\test\resources
2019-10-22 12:18:38,030 [Worker-68: Building workspace] INFO  o.e.m.c.i.embedder.EclipseLogger - Using 'UTF-8' encoding to copy filtered resources.
2019-10-22 12:18:38,031 [Worker-68: Building workspace] INFO  o.e.m.c.i.embedder.EclipseLogger - Copying 0 resource
2019-10-22 12:18:38,037 [Worker-68: Building workspace] INFO  o.e.m.c.i.embedder.EclipseLogger - Copying 0 resource
2019-10-22 12:18:38,047 [Worker-68: Building workspace] INFO  o.e.m.c.i.embedder.EclipseLogger - Using 'UTF-8' encoding to copy filtered resources.
2019-10-22 12:18:38,056 [Worker-68: Building workspace] INFO  o.e.m.c.i.embedder.EclipseLogger - skip non existing resourceDirectory C:\Users\Coalesce\Downloads\mortgage-master\mortgage-client\src\test\resources
2019-10-22 12:24:38,491 [Worker-70: Building workspace] INFO  o.e.m.c.i.embedder.EclipseLogger - Using 'UTF-8' encoding to copy filtered resources.
2019-10-22 12:24:38,491 [Worker-70: Building workspace] INFO  o.e.m.c.i.embedder.EclipseLogger - Copying 0 resource
2019-10-22 12:24:38,500 [Worker-70: Building workspace] INFO  o.e.m.c.i.embedder.EclipseLogger - Copying 0 resource
2019-10-22 12:24:38,511 [Worker-70: Building workspace] INFO  o.e.m.c.i.embedder.EclipseLogger - Using 'UTF-8' encoding to copy filtered resources.
2019-10-22 12:24:38,511 [Worker-70: Building workspace] INFO  o.e.m.c.i.embedder.EclipseLogger - skip non existing resourceDirectory C:\Users\Coalesce\Downloads\mortgage-master\mortgage-client\src\test\resources
2019-10-22 12:34:54,333 [Worker-74: Building workspace] INFO  o.e.m.c.i.embedder.EclipseLogger - Using 'UTF-8' encoding to copy filtered resources.
2019-10-22 12:34:54,334 [Worker-74: Building workspace] INFO  o.e.m.c.i.embedder.EclipseLogger - Copying 0 resource
2019-10-22 12:34:54,334 [Worker-74: Building workspace] INFO  o.e.m.c.i.embedder.EclipseLogger - Copying 0 resource
2019-10-22 12:34:54,337 [Worker-74: Building workspace] INFO  o.e.m.c.i.embedder.EclipseLogger - Using 'UTF-8' encoding to copy filtered resources.
2019-10-22 12:34:54,337 [Worker-74: Building workspace] INFO  o.e.m.c.i.embedder.EclipseLogger - skip non existing resourceDirectory C:\Users\Coalesce\Downloads\mortgage-master\mortgage-client\src\test\resources
2019-10-22 12:41:07,814 [Worker-72: Building workspace] INFO  o.e.m.c.i.embedder.EclipseLogger - Using 'UTF-8' encoding to copy filtered resources.
2019-10-22 12:41:07,814 [Worker-72: Building workspace] INFO  o.e.m.c.i.embedder.EclipseLogger - Copying 0 resource
2019-10-22 12:41:07,814 [Worker-72: Building workspace] INFO  o.e.m.c.i.embedder.EclipseLogger - Copying 0 resource
2019-10-22 12:41:07,825 [Worker-72: Building workspace] INFO  o.e.m.c.i.embedder.EclipseLogger - Using 'UTF-8' encoding to copy filtered resources.
2019-10-22 12:41:07,825 [Worker-72: Building workspace] INFO  o.e.m.c.i.embedder.EclipseLogger - skip non existing resourceDirectory C:\Users\Coalesce\Downloads\mortgage-master\mortgage-client\src\test\resources
2019-10-22 12:45:27,609 [Worker-74: Building workspace] INFO  o.e.m.c.i.embedder.EclipseLogger - Using 'UTF-8' encoding to copy filtered resources.
2019-10-22 12:45:27,610 [Worker-74: Building workspace] INFO  o.e.m.c.i.embedder.EclipseLogger - Copying 0 resource
2019-10-22 12:45:27,623 [Worker-74: Building workspace] INFO  o.e.m.c.i.embedder.EclipseLogger - Copying 0 resource
2019-10-22 12:45:27,636 [Worker-74: Building workspace] INFO  o.e.m.c.i.embedder.EclipseLogger - Using 'UTF-8' encoding to copy filtered resources.
2019-10-22 12:45:27,650 [Worker-74: Building workspace] INFO  o.e.m.c.i.embedder.EclipseLogger - skip non existing resourceDirectory C:\Users\Coalesce\Downloads\mortgage-master\mortgage-client\src\test\resources
2019-10-22 12:46:41,544 [Worker-80: Building workspace] INFO  o.e.m.c.i.embedder.EclipseLogger - Using 'UTF-8' encoding to copy filtered resources.
2019-10-22 12:46:41,557 [Worker-80: Building workspace] INFO  o.e.m.c.i.embedder.EclipseLogger - Copying 0 resource
2019-10-22 12:46:41,567 [Worker-80: Building workspace] INFO  o.e.m.c.i.embedder.EclipseLogger - Copying 0 resource
2019-10-22 12:46:41,579 [Worker-80: Building workspace] INFO  o.e.m.c.i.embedder.EclipseLogger - Using 'UTF-8' encoding to copy filtered resources.
2019-10-22 12:46:41,579 [Worker-80: Building workspace] INFO  o.e.m.c.i.embedder.EclipseLogger - skip non existing resourceDirectory C:\Users\Coalesce\Downloads\mortgage-master\mortgage-client\src\test\resources
2019-10-22 12:47:47,953 [Worker-79: Building workspace] INFO  o.e.m.c.i.embedder.EclipseLogger - Using 'UTF-8' encoding to copy filtered resources.
2019-10-22 12:47:47,953 [Worker-79: Building workspace] INFO  o.e.m.c.i.embedder.EclipseLogger - Copying 0 resource
2019-10-22 12:47:47,954 [Worker-79: Building workspace] INFO  o.e.m.c.i.embedder.EclipseLogger - Copying 0 resource
2019-10-22 12:47:47,957 [Worker-79: Building workspace] INFO  o.e.m.c.i.embedder.EclipseLogger - Using 'UTF-8' encoding to copy filtered resources.
2019-10-22 12:47:47,964 [Worker-79: Building workspace] INFO  o.e.m.c.i.embedder.EclipseLogger - skip non existing resourceDirectory C:\Users\Coalesce\Downloads\mortgage-master\mortgage-client\src\test\resources
2019-10-22 12:50:22,628 [Worker-74: Building workspace] INFO  o.e.m.c.i.embedder.EclipseLogger - Using 'UTF-8' encoding to copy filtered resources.
2019-10-22 12:50:22,629 [Worker-74: Building workspace] INFO  o.e.m.c.i.embedder.EclipseLogger - Copying 0 resource
2019-10-22 12:50:22,639 [Worker-74: Building workspace] INFO  o.e.m.c.i.embedder.EclipseLogger - Copying 0 resource
2019-10-22 12:50:22,648 [Worker-74: Building workspace] INFO  o.e.m.c.i.embedder.EclipseLogger - Using 'UTF-8' encoding to copy filtered resources.
2019-10-22 12:50:22,649 [Worker-74: Building workspace] INFO  o.e.m.c.i.embedder.EclipseLogger - skip non existing resourceDirectory C:\Users\Coalesce\Downloads\mortgage-master\mortgage-client\src\test\resources
2019-10-22 12:59:07,533 [Worker-81: Building workspace] INFO  o.e.m.c.i.embedder.EclipseLogger - Using 'UTF-8' encoding to copy filtered resources.
2019-10-22 12:59:07,533 [Worker-81: Building workspace] INFO  o.e.m.c.i.embedder.EclipseLogger - Copying 0 resource
2019-10-22 12:59:07,548 [Worker-81: Building workspace] INFO  o.e.m.c.i.embedder.EclipseLogger - Copying 0 resource
2019-10-22 12:59:07,557 [Worker-81: Building workspace] INFO  o.e.m.c.i.embedder.EclipseLogger - Using 'UTF-8' encoding to copy filtered resources.
2019-10-22 12:59:07,563 [Worker-81: Building workspace] INFO  o.e.m.c.i.embedder.EclipseLogger - skip non existing resourceDirectory C:\Users\Coalesce\Downloads\mortgage-master\mortgage-client\src\test\resources
2019-10-22 12:59:54,486 [Worker-79: Building workspace] INFO  o.e.m.c.i.embedder.EclipseLogger - Using 'UTF-8' encoding to copy filtered resources.
2019-10-22 12:59:54,497 [Worker-79: Building workspace] INFO  o.e.m.c.i.embedder.EclipseLogger - Copying 0 resource
2019-10-22 12:59:54,503 [Worker-79: Building workspace] INFO  o.e.m.c.i.embedder.EclipseLogger - Copying 0 resource
2019-10-22 12:59:54,515 [Worker-79: Building workspace] INFO  o.e.m.c.i.embedder.EclipseLogger - Using 'UTF-8' encoding to copy filtered resources.
2019-10-22 12:59:54,515 [Worker-79: Building workspace] INFO  o.e.m.c.i.embedder.EclipseLogger - skip non existing resourceDirectory C:\Users\Coalesce\Downloads\mortgage-master\mortgage-client\src\test\resources
2019-10-22 13:03:20,704 [Worker-82: Building workspace] INFO  o.e.m.c.i.embedder.EclipseLogger - Using 'UTF-8' encoding to copy filtered resources.
2019-10-22 13:03:20,705 [Worker-82: Building workspace] INFO  o.e.m.c.i.embedder.EclipseLogger - Copying 0 resource
2019-10-22 13:03:20,705 [Worker-82: Building workspace] INFO  o.e.m.c.i.embedder.EclipseLogger - Copying 0 resource
2019-10-22 13:03:20,708 [Worker-82: Building workspace] INFO  o.e.m.c.i.embedder.EclipseLogger - Using 'UTF-8' encoding to copy filtered resources.
2019-10-22 13:03:20,709 [Worker-82: Building workspace] INFO  o.e.m.c.i.embedder.EclipseLogger - skip non existing resourceDirectory C:\Users\Coalesce\Downloads\mortgage-master\mortgage-client\src\test\resources
2019-10-22 13:06:01,385 [Worker-84: Building workspace] INFO  o.e.m.c.i.embedder.EclipseLogger - Using 'UTF-8' encoding to copy filtered resources.
2019-10-22 13:06:01,385 [Worker-84: Building workspace] INFO  o.e.m.c.i.embedder.EclipseLogger - Copying 0 resource
2019-10-22 13:06:01,386 [Worker-84: Building workspace] INFO  o.e.m.c.i.embedder.EclipseLogger - Copying 0 resource
2019-10-22 13:06:01,399 [Worker-84: Building workspace] INFO  o.e.m.c.i.embedder.EclipseLogger - Using 'UTF-8' encoding to copy filtered resources.
2019-10-22 13:06:01,399 [Worker-84: Building workspace] INFO  o.e.m.c.i.embedder.EclipseLogger - skip non existing resourceDirectory C:\Users\Coalesce\Downloads\mortgage-master\mortgage-client\src\test\resources
2019-10-22 13:10:53,926 [Worker-87: Building workspace] INFO  o.e.m.c.i.embedder.EclipseLogger - Using 'UTF-8' encoding to copy filtered resources.
2019-10-22 13:10:53,927 [Worker-87: Building workspace] INFO  o.e.m.c.i.embedder.EclipseLogger - Copying 0 resource
2019-10-22 13:10:53,937 [Worker-87: Building workspace] INFO  o.e.m.c.i.embedder.EclipseLogger - Copying 0 resource
2019-10-22 13:10:53,954 [Worker-87: Building workspace] INFO  o.e.m.c.i.embedder.EclipseLogger - Using 'UTF-8' encoding to copy filtered resources.
2019-10-22 13:10:53,962 [Worker-87: Building workspace] INFO  o.e.m.c.i.embedder.EclipseLogger - skip non existing resourceDirectory C:\Users\Coalesce\Downloads\mortgage-master\mortgage-client\src\test\resources
2019-10-22 13:13:45,468 [Worker-89: Building workspace] INFO  o.e.m.c.i.embedder.EclipseLogger - Using 'UTF-8' encoding to copy filtered resources.
2019-10-22 13:13:45,478 [Worker-89: Building workspace] INFO  o.e.m.c.i.embedder.EclipseLogger - Copying 0 resource
2019-10-22 13:13:45,487 [Worker-89: Building workspace] INFO  o.e.m.c.i.embedder.EclipseLogger - Copying 0 resource
2019-10-22 13:13:45,501 [Worker-89: Building workspace] INFO  o.e.m.c.i.embedder.EclipseLogger - Using 'UTF-8' encoding to copy filtered resources.
2019-10-22 13:13:45,502 [Worker-89: Building workspace] INFO  o.e.m.c.i.embedder.EclipseLogger - skip non existing resourceDirectory C:\Users\Coalesce\Downloads\mortgage-master\mortgage-client\src\test\resources
2019-10-22 13:15:17,059 [Worker-89: Launching bank-webclient - BankWebclientApplication] INFO  o.e.m.c.i.embedder.EclipseLogger - Using 'UTF-8' encoding to copy filtered resources.
2019-10-22 13:15:17,060 [Worker-89: Launching bank-webclient - BankWebclientApplication] INFO  o.e.m.c.i.embedder.EclipseLogger - Copying 0 resource
2019-10-22 13:15:17,060 [Worker-89: Launching bank-webclient - BankWebclientApplication] INFO  o.e.m.c.i.embedder.EclipseLogger - Copying 0 resource
2019-10-22 13:15:17,062 [Worker-89: Launching bank-webclient - BankWebclientApplication] INFO  o.e.m.c.i.embedder.EclipseLogger - Using 'UTF-8' encoding to copy filtered resources.
2019-10-22 13:15:17,073 [Worker-89: Launching bank-webclient - BankWebclientApplication] INFO  o.e.m.c.i.embedder.EclipseLogger - skip non existing resourceDirectory C:\Users\Coalesce\Downloads\mortgage-master\mortgage-client\src\test\resources
2019-10-22 15:39:43,749 [Worker-123: Building workspace] INFO  o.e.m.c.i.embedder.EclipseLogger - Using 'UTF-8' encoding to copy filtered resources.
2019-10-22 15:39:43,771 [Worker-123: Building workspace] INFO  o.e.m.c.i.embedder.EclipseLogger - Copying 0 resource
2019-10-22 15:39:43,929 [Worker-123: Building workspace] INFO  o.e.m.c.i.embedder.EclipseLogger - Copying 0 resource
2019-10-22 15:39:43,942 [Worker-123: Building workspace] INFO  o.e.m.c.i.embedder.EclipseLogger - Using 'UTF-8' encoding to copy filtered resources.
2019-10-22 15:39:43,942 [Worker-123: Building workspace] INFO  o.e.m.c.i.embedder.EclipseLogger - skip non existing resourceDirectory C:\Users\Coalesce\Downloads\mortgage-master\mortgage-client\src\test\resources
2019-10-22 15:40:32,479 [Worker-125: Building workspace] INFO  o.e.m.c.i.embedder.EclipseLogger - Using 'UTF-8' encoding to copy filtered resources.
2019-10-22 15:40:32,479 [Worker-125: Building workspace] INFO  o.e.m.c.i.embedder.EclipseLogger - Copying 0 resource
2019-10-22 15:40:32,488 [Worker-125: Building workspace] INFO  o.e.m.c.i.embedder.EclipseLogger - Copying 0 resource
2019-10-22 15:40:32,496 [Worker-125: Building workspace] INFO  o.e.m.c.i.embedder.EclipseLogger - Using 'UTF-8' encoding to copy filtered resources.
2019-10-22 15:40:32,503 [Worker-125: Building workspace] INFO  o.e.m.c.i.embedder.EclipseLogger - skip non existing resourceDirectory C:\Users\Coalesce\Downloads\mortgage-master\mortgage-client\src\test\resources
2019-10-22 15:41:37,090 [Worker-126: Building workspace] INFO  o.e.m.c.i.embedder.EclipseLogger - Using 'UTF-8' encoding to copy filtered resources.
2019-10-22 15:41:37,100 [Worker-126: Building workspace] INFO  o.e.m.c.i.embedder.EclipseLogger - Copying 0 resource
2019-10-22 15:41:37,107 [Worker-126: Building workspace] INFO  o.e.m.c.i.embedder.EclipseLogger - Copying 0 resource
2019-10-22 15:41:37,117 [Worker-126: Building workspace] INFO  o.e.m.c.i.embedder.EclipseLogger - Using 'UTF-8' encoding to copy filtered resources.
2019-10-22 15:41:37,117 [Worker-126: Building workspace] INFO  o.e.m.c.i.embedder.EclipseLogger - skip non existing resourceDirectory C:\Users\Coalesce\Downloads\mortgage-master\mortgage-client\src\test\resources
2019-10-22 15:41:47,655 [Worker-125: Building workspace] INFO  o.e.m.c.i.embedder.EclipseLogger - Using 'UTF-8' encoding to copy filtered resources.
2019-10-22 15:41:47,656 [Worker-125: Building workspace] INFO  o.e.m.c.i.embedder.EclipseLogger - Copying 0 resource
2019-10-22 15:41:47,656 [Worker-125: Building workspace] INFO  o.e.m.c.i.embedder.EclipseLogger - Copying 0 resource
2019-10-22 15:41:47,658 [Worker-125: Building workspace] INFO  o.e.m.c.i.embedder.EclipseLogger - Using 'UTF-8' encoding to copy filtered resources.
2019-10-22 15:41:47,658 [Worker-125: Building workspace] INFO  o.e.m.c.i.embedder.EclipseLogger - skip non existing resourceDirectory C:\Users\Coalesce\Downloads\mortgage-master\mortgage-client\src\test\resources
2019-10-22 15:42:27,699 [Worker-124: Building workspace] INFO  o.e.m.c.i.embedder.EclipseLogger - Using 'UTF-8' encoding to copy filtered resources.
2019-10-22 15:42:27,699 [Worker-124: Building workspace] INFO  o.e.m.c.i.embedder.EclipseLogger - Copying 0 resource
2019-10-22 15:42:27,700 [Worker-124: Building workspace] INFO  o.e.m.c.i.embedder.EclipseLogger - Copying 0 resource
2019-10-22 15:42:27,711 [Worker-124: Building workspace] INFO  o.e.m.c.i.embedder.EclipseLogger - Using 'UTF-8' encoding to copy filtered resources.
2019-10-22 15:42:27,711 [Worker-124: Building workspace] INFO  o.e.m.c.i.embedder.EclipseLogger - skip non existing resourceDirectory C:\Users\Coalesce\Downloads\mortgage-master\mortgage-client\src\test\resources
2019-10-22 15:48:47,562 [Worker-124: Building workspace] INFO  o.e.m.c.i.embedder.EclipseLogger - Using 'UTF-8' encoding to copy filtered resources.
2019-10-22 15:48:47,563 [Worker-124: Building workspace] INFO  o.e.m.c.i.embedder.EclipseLogger - Copying 0 resource
2019-10-22 15:48:47,607 [Worker-124: Building workspace] INFO  o.e.m.c.i.embedder.EclipseLogger - Copying 0 resource
2019-10-22 15:48:47,618 [Worker-124: Building workspace] INFO  o.e.m.c.i.embedder.EclipseLogger - Using 'UTF-8' encoding to copy filtered resources.
2019-10-22 15:48:47,625 [Worker-124: Building workspace] INFO  o.e.m.c.i.embedder.EclipseLogger - skip non existing resourceDirectory C:\Users\Coalesce\Downloads\mortgage-master\mortgage-client\src\test\resources
2019-10-22 15:48:54,262 [Worker-124: Building workspace] INFO  o.e.m.c.i.embedder.EclipseLogger - Using 'UTF-8' encoding to copy filtered resources.
2019-10-22 15:48:54,271 [Worker-124: Building workspace] INFO  o.e.m.c.i.embedder.EclipseLogger - Copying 0 resource
2019-10-22 15:48:54,278 [Worker-124: Building workspace] INFO  o.e.m.c.i.embedder.EclipseLogger - Copying 0 resource
2019-10-22 15:48:54,287 [Worker-124: Building workspace] INFO  o.e.m.c.i.embedder.EclipseLogger - Using 'UTF-8' encoding to copy filtered resources.
2019-10-22 15:48:54,287 [Worker-124: Building workspace] INFO  o.e.m.c.i.embedder.EclipseLogger - skip non existing resourceDirectory C:\Users\Coalesce\Downloads\mortgage-master\mortgage-client\src\test\resources
2019-10-22 15:49:02,844 [Worker-131: Building workspace] INFO  o.e.m.c.i.embedder.EclipseLogger - Using 'UTF-8' encoding to copy filtered resources.
2019-10-22 15:49:02,844 [Worker-131: Building workspace] INFO  o.e.m.c.i.embedder.EclipseLogger - Copying 0 resource
2019-10-22 15:49:02,844 [Worker-131: Building workspace] INFO  o.e.m.c.i.embedder.EclipseLogger - Copying 0 resource
2019-10-22 15:49:02,852 [Worker-131: Building workspace] INFO  o.e.m.c.i.embedder.EclipseLogger - Using 'UTF-8' encoding to copy filtered resources.
2019-10-22 15:49:02,873 [Worker-131: Building workspace] INFO  o.e.m.c.i.embedder.EclipseLogger - skip non existing resourceDirectory C:\Users\Coalesce\Downloads\mortgage-master\mortgage-client\src\test\resources
2019-10-22 15:49:22,960 [Worker-131: Building workspace] INFO  o.e.m.c.i.embedder.EclipseLogger - Using 'UTF-8' encoding to copy filtered resources.
2019-10-22 15:49:22,981 [Worker-131: Building workspace] INFO  o.e.m.c.i.embedder.EclipseLogger - Copying 0 resource
2019-10-22 15:49:22,997 [Worker-131: Building workspace] INFO  o.e.m.c.i.embedder.EclipseLogger - Copying 0 resource
2019-10-22 15:49:23,007 [Worker-131: Building workspace] INFO  o.e.m.c.i.embedder.EclipseLogger - Using 'UTF-8' encoding to copy filtered resources.
2019-10-22 15:49:23,007 [Worker-131: Building workspace] INFO  o.e.m.c.i.embedder.EclipseLogger - skip non existing resourceDirectory C:\Users\Coalesce\Downloads\mortgage-master\mortgage-client\src\test\resources
2019-10-22 15:56:39,009 [Worker-134: Building workspace] INFO  o.e.m.c.i.embedder.EclipseLogger - Using 'UTF-8' encoding to copy filtered resources.
2019-10-22 15:56:39,010 [Worker-134: Building workspace] INFO  o.e.m.c.i.embedder.EclipseLogger - Copying 0 resource
2019-10-22 15:56:39,026 [Worker-134: Building workspace] INFO  o.e.m.c.i.embedder.EclipseLogger - Copying 0 resource
2019-10-22 15:56:39,041 [Worker-134: Building workspace] INFO  o.e.m.c.i.embedder.EclipseLogger - Using 'UTF-8' encoding to copy filtered resources.
2019-10-22 15:56:39,049 [Worker-134: Building workspace] INFO  o.e.m.c.i.embedder.EclipseLogger - skip non existing resourceDirectory C:\Users\Coalesce\Downloads\mortgage-master\mortgage-client\src\test\resources
